This is pdfTeX, Version 3.14159265-2.6-1.40.16 (TeX Live 2015/Debian) (preloaded format=pdflatex 2017.8.22)  4 JAN 2018 13:44
entering extended mode
 restricted \write18 enabled.
 %&-line parsing enabled.
**PusExtension.tex
(./PusExtension.tex
LaTeX2e <2016/02/01>
Babel <3.9q> and hyphenation patterns for 5 language(s) loaded.
(./pnp_article.cls
Document Class: pnp_article 1995/10/30 Standard document class at PnP
(/usr/share/texlive/texmf-dist/tex/latex/base/article.cls
Document Class: article 2014/09/29 v1.4h Standard LaTeX document class
(/usr/share/texlive/texmf-dist/tex/latex/base/size10.clo
File: size10.clo 2014/09/29 v1.4h Standard LaTeX file (size option)
)
\c@part=\count79
\c@section=\count80
\c@subsection=\count81
\c@subsubsection=\count82
\c@paragraph=\count83
\c@subparagraph=\count84
\c@figure=\count85
\c@table=\count86
\abovecaptionskip=\skip41
\belowcaptionskip=\skip42
\bibindent=\dimen102
)
(/usr/share/texlive/texmf-dist/tex/latex/geometry/geometry.sty
Package: geometry 2010/09/12 v5.6 Page Geometry

(/usr/share/texlive/texmf-dist/tex/latex/graphics/keyval.sty
Package: keyval 2014/10/28 v1.15 key=value parser (DPC)
\KV@toks@=\toks14
)
(/usr/share/texlive/texmf-dist/tex/generic/oberdiek/ifpdf.sty
Package: ifpdf 2011/01/30 v2.3 Provides the ifpdf switch (HO)
Package ifpdf Info: pdfTeX in PDF mode is detected.
)
(/usr/share/texlive/texmf-dist/tex/generic/oberdiek/ifvtex.sty
Package: ifvtex 2010/03/01 v1.5 Detect VTeX and its facilities (HO)
Package ifvtex Info: VTeX not detected.
)
(/usr/share/texlive/texmf-dist/tex/generic/ifxetex/ifxetex.sty
Package: ifxetex 2010/09/12 v0.6 Provides ifxetex conditional
)
\Gm@cnth=\count87
\Gm@cntv=\count88
\c@Gm@tempcnt=\count89
\Gm@bindingoffset=\dimen103
\Gm@wd@mp=\dimen104
\Gm@odd@mp=\dimen105
\Gm@even@mp=\dimen106
\Gm@layoutwidth=\dimen107
\Gm@layoutheight=\dimen108
\Gm@layouthoffset=\dimen109
\Gm@layoutvoffset=\dimen110
\Gm@dimlist=\toks15
)
(/usr/share/texlive/texmf-dist/tex/latex/base/inputenc.sty
Package: inputenc 2015/03/17 v1.2c Input encoding file
\inpenc@prehook=\toks16
\inpenc@posthook=\toks17

(/usr/share/texlive/texmf-dist/tex/latex/ucs/utf8x.def
File: utf8x.def 2004/10/17 UCS: Input encoding UTF-8
))
(/usr/share/texlive/texmf-dist/tex/latex/ucs/ucs.sty
Package: ucs 2013/05/11 v2.2 UCS: Unicode input support

(/usr/share/texlive/texmf-dist/tex/latex/ucs/data/uni-global.def
File: uni-global.def 2013/05/13 UCS: Unicode global data
)
\uc@secondtry=\count90
\uc@combtoks=\toks18
\uc@combtoksb=\toks19
\uc@temptokena=\toks20
)
(/usr/share/texlive/texmf-dist/tex/latex/base/fontenc.sty
Package: fontenc 2005/09/27 v1.99g Standard LaTeX package

(/usr/share/texlive/texmf-dist/tex/latex/base/t1enc.def
File: t1enc.def 2005/09/27 v1.99g Standard LaTeX file
LaTeX Font Info:    Redeclaring font encoding T1 on input line 48.
))
(/usr/share/texlive/texmf-dist/tex/latex/tools/array.sty
Package: array 2014/10/28 v2.4c Tabular extension package (FMi)
\col@sep=\dimen111
\extrarowheight=\dimen112
\NC@list=\toks21
\extratabsurround=\skip43
\backup@length=\skip44
)
(/usr/share/texlive/texmf-dist/tex/latex/graphics/graphicx.sty
Package: graphicx 2014/10/28 v1.0g Enhanced LaTeX Graphics (DPC,SPQR)

(/usr/share/texlive/texmf-dist/tex/latex/graphics/graphics.sty
Package: graphics 2016/01/03 v1.0q Standard LaTeX Graphics (DPC,SPQR)

(/usr/share/texlive/texmf-dist/tex/latex/graphics/trig.sty
Package: trig 2016/01/03 v1.10 sin cos tan (DPC)
)
(/usr/share/texlive/texmf-dist/tex/latex/latexconfig/graphics.cfg
File: graphics.cfg 2010/04/23 v1.9 graphics configuration of TeX Live
)
Package graphics Info: Driver file: pdftex.def on input line 95.

(/usr/share/texlive/texmf-dist/tex/latex/pdftex-def/pdftex.def
File: pdftex.def 2011/05/27 v0.06d Graphics/color for pdfTeX

(/usr/share/texlive/texmf-dist/tex/generic/oberdiek/infwarerr.sty
Package: infwarerr 2010/04/08 v1.3 Providing info/warning/error messages (HO)
)
(/usr/share/texlive/texmf-dist/tex/generic/oberdiek/ltxcmds.sty
Package: ltxcmds 2011/11/09 v1.22 LaTeX kernel commands for general use (HO)
)
\Gread@gobject=\count91
))
\Gin@req@height=\dimen113
\Gin@req@width=\dimen114
)
(/usr/share/texlive/texmf-dist/tex/latex/listings/listings.sty
\lst@mode=\count92
\lst@gtempboxa=\box26
\lst@token=\toks22
\lst@length=\count93
\lst@currlwidth=\dimen115
\lst@column=\count94
\lst@pos=\count95
\lst@lostspace=\dimen116
\lst@width=\dimen117
\lst@newlines=\count96
\lst@lineno=\count97
\lst@maxwidth=\dimen118

(/usr/share/texlive/texmf-dist/tex/latex/listings/lstmisc.sty
File: lstmisc.sty 2015/06/04 1.6 (Carsten Heinz)
\c@lstnumber=\count98
\lst@skipnumbers=\count99
\lst@framebox=\box27
)
(/usr/share/texlive/texmf-dist/tex/latex/listings/listings.cfg
File: listings.cfg 2015/06/04 1.6 listings configuration
))
Package: listings 2015/06/04 1.6 (Carsten Heinz)

(/usr/share/texlive/texmf-dist/tex/latex/enumitem/enumitem.sty
Package: enumitem 2011/09/28 v3.5.2 Customized lists
\labelindent=\skip45
\enit@outerparindent=\dimen119
\enit@toks=\toks23
\enit@inbox=\box28
\enitdp@description=\count100
)
(/usr/share/texlive/texmf-dist/tex/latex/graphics/color.sty
Package: color 2016/01/03 v1.1b Standard LaTeX Color (DPC)

(/usr/share/texlive/texmf-dist/tex/latex/latexconfig/color.cfg
File: color.cfg 2007/01/18 v1.5 color configuration of teTeX/TeXLive
)
Package color Info: Driver file: pdftex.def on input line 143.
)
(/usr/share/texlive/texmf-dist/tex/latex/colortbl/colortbl.sty
Package: colortbl 2012/02/13 v1.0a Color table columns (DPC)
\everycr=\toks24
\minrowclearance=\skip46
)
(/usr/share/texlive/texmf-dist/tex/latex/tools/longtable.sty
Package: longtable 2014/10/28 v4.11 Multi-page Table package (DPC)
\LTleft=\skip47
\LTright=\skip48
\LTpre=\skip49
\LTpost=\skip50
\LTchunksize=\count101
\LTcapwidth=\dimen120
\LT@head=\box29
\LT@firsthead=\box30
\LT@foot=\box31
\LT@lastfoot=\box32
\LT@cols=\count102
\LT@rows=\count103
\c@LT@tables=\count104
\c@LT@chunks=\count105
\LT@p@ftn=\toks25
)
(/usr/share/texlive/texmf-dist/tex/latex/float/float.sty
Package: float 2001/11/08 v1.3d Float enhancements (AL)
\c@float@type=\count106
\float@exts=\toks26
\float@box=\box33
\@float@everytoks=\toks27
\@floatcapt=\box34
)
(/usr/share/texlive/texmf-dist/tex/latex/datetime/datetime.sty
Package: datetime 2015/03/20 v2.60 Date Time Package

(/usr/share/texlive/texmf-dist/tex/latex/etoolbox/etoolbox.sty
Package: etoolbox 2015/08/02 v2.2a e-TeX tools for LaTeX (JAW)
\etb@tempcnta=\count107
)
(/usr/share/texlive/texmf-dist/tex/latex/fmtcount/fmtcount.sty
Package: fmtcount 2015/05/05 v3.01

(/usr/share/texlive/texmf-dist/tex/latex/base/ifthen.sty
Package: ifthen 2014/09/29 v1.1c Standard LaTeX ifthen package (DPC)
)
(/usr/share/texlive/texmf-dist/tex/latex/xkeyval/xkeyval.sty
Package: xkeyval 2014/12/03 v2.7a package option processing (HA)

(/usr/share/texlive/texmf-dist/tex/generic/xkeyval/xkeyval.tex
(/usr/share/texlive/texmf-dist/tex/generic/xkeyval/xkvutils.tex
\XKV@toks=\toks28
\XKV@tempa@toks=\toks29
)
\XKV@depth=\count108
File: xkeyval.tex 2014/12/03 v2.7a key=value parser (HA)
))
(/usr/share/texlive/texmf-dist/tex/latex/fmtcount/fcprefix.sty
Package: fcprefix 2012/09/28

(/usr/share/texlive/texmf-dist/tex/latex/fmtcount/fcnumparser.sty
Package: fcnumparser 2012/09/28
\fc@digit@counter=\count109
))
(/usr/share/texlive/texmf-dist/tex/latex/amsmath/amsgen.sty
File: amsgen.sty 1999/11/30 v2.0 generic functions
\@emptytoks=\toks30
\ex@=\dimen121
)
\c@padzeroesN=\count110
\fc@tmpcatcode=\count111
\@DT@modctr=\count112
\@ordinalctr=\count113
\@orgargctr=\count114
\@strctr=\count115
\@tmpstrctr=\count116
\@DT@loopN=\count117
\@DT@X=\count118

(/usr/share/texlive/texmf-dist/tex/latex/fmtcount/fc-english.def
File: fc-english.def 2013/08/17
))
(/usr/share/texlive/texmf-dist/tex/latex/datetime/datetime-defaults.sty
Package: datetime-defaults 2013/09/10
)
\@day=\count119
\@month=\count120
\@year=\count121
\c@HOUR=\count122
\c@HOURXII=\count123
\c@MINUTE=\count124
\c@TOHOUR=\count125
\c@TOMINUTE=\count126
\c@SECOND=\count127
\currenthour=\count128
\currentminute=\count129
\currentsecond=\count130
Package datetime Info: No datetime.cfg file found, using default settings on in
put line 308.
\@dtctr=\count131
\dayofyear=\count132
\dayofweek=\count133
LaTeX Info: Redefining \today on input line 736.
\dt@a=\toks31
\dt@b=\toks32
)
(/usr/share/texlive/texmf-dist/tex/latex/titlesec/titlesec.sty
Package: titlesec 2016/03/15 v2.10.1 Sectioning titles
\ttl@box=\box35
\beforetitleunit=\skip51
\aftertitleunit=\skip52
\ttl@plus=\dimen122
\ttl@minus=\dimen123
\ttl@toksa=\toks33
\titlewidth=\dimen124
\titlewidthlast=\dimen125
\titlewidthfirst=\dimen126
)
(/usr/share/texlive/texmf-dist/tex/latex/tools/verbatim.sty
Package: verbatim 2014/10/28 v1.5q LaTeX2e package for verbatim enhancements
\every@verbatim=\toks34
\verbatim@line=\toks35
\verbatim@in@stream=\read1
)
(/usr/share/texlive/texmf-dist/tex/latex/fancyhdr/fancyhdr.sty
\fancy@headwidth=\skip53
\f@ncyO@elh=\skip54
\f@ncyO@erh=\skip55
\f@ncyO@olh=\skip56
\f@ncyO@orh=\skip57
\f@ncyO@elf=\skip58
\f@ncyO@erf=\skip59
\f@ncyO@olf=\skip60
\f@ncyO@orf=\skip61
)
(/usr/share/texlive/texmf-dist/tex/latex/datatool/datatool.sty
Package: datatool 2016/01/18 v2.25 (NLCT)

(/usr/share/texlive/texmf-dist/tex/latex/xfor/xfor.sty
Package: xfor 2009/02/05 v1.05 (NLCT)
)
(/usr/share/texlive/texmf-dist/tex/latex/substr/substr.sty
Package: substr 2009/10/20 v1.2 Handle substrings
\c@su@anzahl=\count134
)
(/usr/share/texlive/texmf-dist/tex/latex/datatool/datatool-base.sty
Package: datatool-base 2016/01/18 v2.25 (NLCT)

(/usr/share/texlive/texmf-dist/tex/latex/amsmath/amsmath.sty
Package: amsmath 2016/03/03 v2.15a AMS math features
\@mathmargin=\skip62

For additional information on amsmath, use the `?' option.
(/usr/share/texlive/texmf-dist/tex/latex/amsmath/amstext.sty
Package: amstext 2000/06/29 v2.01 AMS text
)
(/usr/share/texlive/texmf-dist/tex/latex/amsmath/amsbsy.sty
Package: amsbsy 1999/11/29 v1.2d Bold Symbols
\pmbraise@=\dimen127
)
(/usr/share/texlive/texmf-dist/tex/latex/amsmath/amsopn.sty
Package: amsopn 1999/12/14 v2.01 operator names
)
\inf@bad=\count135
LaTeX Info: Redefining \frac on input line 199.
\uproot@=\count136
\leftroot@=\count137
LaTeX Info: Redefining \overline on input line 297.
\classnum@=\count138
\DOTSCASE@=\count139
LaTeX Info: Redefining \ldots on input line 394.
LaTeX Info: Redefining \dots on input line 397.
LaTeX Info: Redefining \cdots on input line 518.
\Mathstrutbox@=\box36
\strutbox@=\box37
\big@size=\dimen128
LaTeX Font Info:    Redeclaring font encoding OML on input line 630.
LaTeX Font Info:    Redeclaring font encoding OMS on input line 631.
\macc@depth=\count140
\c@MaxMatrixCols=\count141
\dotsspace@=\muskip10
\c@parentequation=\count142
\dspbrk@lvl=\count143
\tag@help=\toks36
\row@=\count144
\column@=\count145
\maxfields@=\count146
\andhelp@=\toks37
\eqnshift@=\dimen129
\alignsep@=\dimen130
\tagshift@=\dimen131
\tagwidth@=\dimen132
\totwidth@=\dimen133
\lineht@=\dimen134
\@envbody=\toks38
\multlinegap=\skip63
\multlinetaggap=\skip64
\mathdisplay@stack=\toks39
LaTeX Info: Redefining \[ on input line 2735.
LaTeX Info: Redefining \] on input line 2736.
)
(/usr/share/texlive/texmf-dist/tex/latex/datatool/datatool-fp.sty
Package: datatool-fp 2016/01/18 v2.25 (NLCT)

(/usr/share/texlive/texmf-dist/tex/latex/fp/fp.sty
Package: fp 1995/04/02

`Fixed Point Package', Version 0.8, April 2, 1995 (C) Michael Mehlich
(/usr/share/texlive/texmf-dist/tex/latex/fp/defpattern.sty
Package: defpattern 1994/10/12
\actioncount=\count147
)
(/usr/share/texlive/texmf-dist/tex/latex/fp/fp-basic.sty
Package: fp-basic 1996/05/13
\FP@xs=\count148
\FP@xia=\count149
\FP@xib=\count150
\FP@xfa=\count151
\FP@xfb=\count152
\FP@rega=\count153
\FP@regb=\count154
\FP@regs=\count155
\FP@times=\count156
)
(/usr/share/texlive/texmf-dist/tex/latex/fp/fp-addons.sty
Package: fp-addons 1995/03/15
)
(/usr/share/texlive/texmf-dist/tex/latex/fp/fp-snap.sty
Package: fp-snap 1995/04/05
)
(/usr/share/texlive/texmf-dist/tex/latex/fp/fp-exp.sty
Package: fp-exp 1995/04/03
)
(/usr/share/texlive/texmf-dist/tex/latex/fp/fp-trigo.sty
Package: fp-trigo 1995/04/14
)
(/usr/share/texlive/texmf-dist/tex/latex/fp/fp-pas.sty
Package: fp-pas 1994/08/29
)
(/usr/share/texlive/texmf-dist/tex/latex/fp/fp-random.sty
Package: fp-random 1995/02/23
\FPseed=\count157
)
(/usr/share/texlive/texmf-dist/tex/latex/fp/fp-eqn.sty
Package: fp-eqn 1995/04/03
)
(/usr/share/texlive/texmf-dist/tex/latex/fp/fp-upn.sty
Package: fp-upn 1996/10/21
)
(/usr/share/texlive/texmf-dist/tex/latex/fp/fp-eval.sty
Package: fp-eval 1995/04/03
)))
\@dtl@toks=\toks40
\@dtl@tmpcount=\count158
\dtl@tmplength=\skip65
\dtl@sortresult=\count159
\@dtl@numgrpsepcount=\count160
\@dtl@datatype=\count161
\dtl@codeA=\count162
\dtl@codeB=\count163
\@dtl@foreach@level=\count164
)
\dtlcolumnnum=\count165
\dtlrownum=\count166
\@dtl@before=\toks41
\@dtl@after=\toks42
\@dtl@colhead=\toks43
\dtlcurrentrow=\toks44
\dtlbeforerow=\toks45
\dtlafterrow=\toks46
\dtlforeachlevel=\count167
\c@DTLrowi=\count168
\c@DTLrowii=\count169
\c@DTLrowiii=\count170
\c@DTLrow=\count171
\dtl@rowi=\count172
\dtl@rowii=\count173
\dtl@rowiii=\count174
\@dtl@curi=\toks47
\@dtl@previ=\toks48
\@dtl@nexti=\toks49
\@dtl@curii=\toks50
\@dtl@previi=\toks51
\@dtl@nextii=\toks52
\@dtl@curiii=\toks53
\@dtl@previii=\toks54
\@dtl@nextiii=\toks55
\@dtl@elements=\count175
\@dtl@list=\toks56
\@dtl@rowa=\toks57
\@dtl@rowb=\toks58
\@dtl@toksA=\toks59
\@dtl@toksB=\toks60
\@dtl@write=\write3
\@dtl@read=\read2
\dtl@entrycr=\count176
\dtl@omitlines=\count177
)
(/usr/share/texlive/texmf-dist/tex/latex/chngcntr/chngcntr.sty
Package: chngcntr 2009/09/02 v1.0a change counter resetting
)
(/usr/share/texlive/texmf-dist/tex/latex/oberdiek/pdflscape.sty
Package: pdflscape 2008/08/11 v0.10 Display of landscape pages in PDF (HO)

(/usr/share/texlive/texmf-dist/tex/latex/graphics/lscape.sty
Package: lscape 2000/10/22 v3.01 Landscape Pages (DPC)
)
Package pdflscape Info: Auto-detected driver: pdftex on input line 80.
)
(/usr/share/texlive/texmf-dist/tex/latex/hyperref/hyperref.sty
Package: hyperref 2012/11/06 v6.83m Hypertext links for LaTeX

(/usr/share/texlive/texmf-dist/tex/generic/oberdiek/hobsub-hyperref.sty
Package: hobsub-hyperref 2012/05/28 v1.13 Bundle oberdiek, subset hyperref (HO)


(/usr/share/texlive/texmf-dist/tex/generic/oberdiek/hobsub-generic.sty
Package: hobsub-generic 2012/05/28 v1.13 Bundle oberdiek, subset generic (HO)
Package: hobsub 2012/05/28 v1.13 Construct package bundles (HO)
Package hobsub Info: Skipping package `infwarerr' (already loaded).
Package hobsub Info: Skipping package `ltxcmds' (already loaded).
Package: ifluatex 2010/03/01 v1.3 Provides the ifluatex switch (HO)
Package ifluatex Info: LuaTeX not detected.
Package hobsub Info: Skipping package `ifvtex' (already loaded).
Package: intcalc 2007/09/27 v1.1 Expandable calculations with integers (HO)
Package hobsub Info: Skipping package `ifpdf' (already loaded).
Package: etexcmds 2011/02/16 v1.5 Avoid name clashes with e-TeX commands (HO)
Package etexcmds Info: Could not find \expanded.
(etexcmds)             That can mean that you are not using pdfTeX 1.50 or
(etexcmds)             that some package has redefined \expanded.
(etexcmds)             In the latter case, load this package earlier.
Package: kvsetkeys 2012/04/25 v1.16 Key value parser (HO)
Package: kvdefinekeys 2011/04/07 v1.3 Define keys (HO)
Package: pdftexcmds 2011/11/29 v0.20 Utility functions of pdfTeX for LuaTeX (HO
)
Package pdftexcmds Info: LuaTeX not detected.
Package pdftexcmds Info: \pdf@primitive is available.
Package pdftexcmds Info: \pdf@ifprimitive is available.
Package pdftexcmds Info: \pdfdraftmode found.
Package: pdfescape 2011/11/25 v1.13 Implements pdfTeX's escape features (HO)
Package: bigintcalc 2012/04/08 v1.3 Expandable calculations on big integers (HO
)
Package: bitset 2011/01/30 v1.1 Handle bit-vector datatype (HO)
Package: uniquecounter 2011/01/30 v1.2 Provide unlimited unique counter (HO)
)
Package hobsub Info: Skipping package `hobsub' (already loaded).
Package: letltxmacro 2010/09/02 v1.4 Let assignment for LaTeX macros (HO)
Package: hopatch 2012/05/28 v1.2 Wrapper for package hooks (HO)
Package: xcolor-patch 2011/01/30 xcolor patch
Package: atveryend 2011/06/30 v1.8 Hooks at the very end of document (HO)
Package: atbegshi 2011/10/05 v1.16 At begin shipout hook (HO)
Package: refcount 2011/10/16 v3.4 Data extraction from label references (HO)
Package: hycolor 2011/01/30 v1.7 Color options for hyperref/bookmark (HO)
)
(/usr/share/texlive/texmf-dist/tex/latex/oberdiek/auxhook.sty
Package: auxhook 2011/03/04 v1.3 Hooks for auxiliary files (HO)
)
(/usr/share/texlive/texmf-dist/tex/latex/oberdiek/kvoptions.sty
Package: kvoptions 2011/06/30 v3.11 Key value format for package options (HO)
)
\@linkdim=\dimen135
\Hy@linkcounter=\count178
\Hy@pagecounter=\count179

(/usr/share/texlive/texmf-dist/tex/latex/hyperref/pd1enc.def
File: pd1enc.def 2012/11/06 v6.83m Hyperref: PDFDocEncoding definition (HO)
)
\Hy@SavedSpaceFactor=\count180

(/usr/share/texlive/texmf-dist/tex/latex/latexconfig/hyperref.cfg
File: hyperref.cfg 2002/06/06 v1.2 hyperref configuration of TeXLive
)
Package hyperref Info: Hyper figures OFF on input line 4443.
Package hyperref Info: Link nesting OFF on input line 4448.
Package hyperref Info: Hyper index ON on input line 4451.
Package hyperref Info: Plain pages OFF on input line 4458.
Package hyperref Info: Backreferencing OFF on input line 4463.
Package hyperref Info: Implicit mode ON; LaTeX internals redefined.
Package hyperref Info: Bookmarks ON on input line 4688.
\c@Hy@tempcnt=\count181

(/usr/share/texlive/texmf-dist/tex/latex/url/url.sty
\Urlmuskip=\muskip11
Package: url 2013/09/16  ver 3.4  Verb mode for urls, etc.
)
LaTeX Info: Redefining \url on input line 5041.
\XeTeXLinkMargin=\dimen136
\Fld@menulength=\count182
\Field@Width=\dimen137
\Fld@charsize=\dimen138
Package hyperref Info: Hyper figures OFF on input line 6295.
Package hyperref Info: Link nesting OFF on input line 6300.
Package hyperref Info: Hyper index ON on input line 6303.
Package hyperref Info: backreferencing OFF on input line 6310.
Package hyperref Info: Link coloring OFF on input line 6315.
Package hyperref Info: Link coloring with OCG OFF on input line 6320.
Package hyperref Info: PDF/A mode OFF on input line 6325.
LaTeX Info: Redefining \ref on input line 6365.
LaTeX Info: Redefining \pageref on input line 6369.
\Hy@abspage=\count183
\c@Item=\count184
\c@Hfootnote=\count185
)

Package hyperref Message: Driver (autodetected): hpdftex.

(/usr/share/texlive/texmf-dist/tex/latex/hyperref/hpdftex.def
File: hpdftex.def 2012/11/06 v6.83m Hyperref driver for pdfTeX
\Fld@listcount=\count186
\c@bookmark@seq@number=\count187

(/usr/share/texlive/texmf-dist/tex/latex/oberdiek/rerunfilecheck.sty
Package: rerunfilecheck 2011/04/15 v1.7 Rerun checks for auxiliary files (HO)
Package uniquecounter Info: New unique counter `rerunfilecheck' on input line 2
82.
)
\Hy@SectionHShift=\skip66
)
(/usr/share/texlive/texmf-dist/tex/latex/csvsimple/csvsimple.sty
Package: csvsimple 2014/07/14 version 1.12 LaTeX CSV file processing

(/usr/share/texlive/texmf-dist/tex/latex/pgf/utilities/pgfkeys.sty
(/usr/share/texlive/texmf-dist/tex/generic/pgf/utilities/pgfkeys.code.tex
\pgfkeys@pathtoks=\toks61
\pgfkeys@temptoks=\toks62

(/usr/share/texlive/texmf-dist/tex/generic/pgf/utilities/pgfkeysfiltered.code.t
ex
\pgfkeys@tmptoks=\toks63
)))
\csv@file=\read3
\c@csvinputline=\count188
\c@csvrow=\count189
\c@csvcol=\count190
\csv@out=\write4
) (/usr/share/texlive/texmf-dist/tex/latex/tools/calc.sty
Package: calc 2014/10/28 v4.3 Infix arithmetic (KKT,FJ)
\calc@Acount=\count191
\calc@Bcount=\count192
\calc@Adimen=\dimen139
\calc@Bdimen=\dimen140
\calc@Askip=\skip67
\calc@Bskip=\skip68
LaTeX Info: Redefining \setlength on input line 80.
LaTeX Info: Redefining \addtolength on input line 81.
\calc@Ccount=\count193
\calc@Cskip=\skip69
)
(/usr/share/texlive/texmf-dist/tex/latex/caption/caption.sty
Package: caption 2016/02/21 v3.3-144 Customizing captions (AR)

(/usr/share/texlive/texmf-dist/tex/latex/caption/caption3.sty
Package: caption3 2016/02/04 v1.7-139 caption3 kernel (AR)
Package caption3 Info: TeX engine: e-TeX on input line 67.
\captionmargin=\dimen141
\captionmargin@=\dimen142
\captionwidth=\dimen143
\caption@tempdima=\dimen144
\caption@indent=\dimen145
\caption@parindent=\dimen146
\caption@hangindent=\dimen147
)
\c@ContinuedFloat=\count194
Package caption Info: float package is loaded.
Package caption Info: hyperref package is loaded.
Package caption Info: listings package is loaded.
Package caption Info: longtable package is loaded.

(/usr/share/texlive/texmf-dist/tex/latex/caption/ltcaption.sty
Package: ltcaption 2013/06/09 v1.4-94 longtable captions (AR)
))
Package color Info: Redefining color blue on input line 167.

(/usr/share/texlive/texmf-dist/tex/latex/listings/lstlang1.sty
File: lstlang1.sty 2015/06/04 1.6 listings language file
)
(/usr/share/texlive/texmf-dist/tex/latex/listings/lstmisc.sty
File: lstmisc.sty 2015/06/04 1.6 (Carsten Heinz)
))
(./PusExtension.aux)
\openout1 = `PusExtension.aux'.

LaTeX Font Info:    Checking defaults for OML/cmm/m/it on input line 3.
LaTeX Font Info:    ... okay on input line 3.
LaTeX Font Info:    Checking defaults for T1/cmr/m/n on input line 3.
LaTeX Font Info:    ... okay on input line 3.
LaTeX Font Info:    Checking defaults for OT1/cmr/m/n on input line 3.
LaTeX Font Info:    ... okay on input line 3.
LaTeX Font Info:    Checking defaults for OMS/cmsy/m/n on input line 3.
LaTeX Font Info:    ... okay on input line 3.
LaTeX Font Info:    Checking defaults for OMX/cmex/m/n on input line 3.
LaTeX Font Info:    ... okay on input line 3.
LaTeX Font Info:    Checking defaults for U/cmr/m/n on input line 3.
LaTeX Font Info:    ... okay on input line 3.
LaTeX Font Info:    Checking defaults for PD1/pdf/m/n on input line 3.
LaTeX Font Info:    ... okay on input line 3.

*geometry* driver: auto-detecting
*geometry* detected driver: pdftex
*geometry* verbose mode - [ preamble ] result:
* driver: pdftex
* paper: a4paper
* layout: <same size as paper>
* layoutoffset:(h,v)=(0.0pt,0.0pt)
* modes: 
* h-part:(L,W,R)=(100.01144pt, 397.48499pt, 100.01144pt)
* v-part:(T,H,B)=(128.0374pt, 614.295pt, 102.71445pt)
* \paperwidth=597.50787pt
* \paperheight=845.04684pt
* \textwidth=397.48499pt
* \textheight=614.295pt
* \oddsidemargin=27.74146pt
* \evensidemargin=27.74146pt
* \topmargin=-0.14943pt
* \headheight=36.0pt
* \headsep=19.91684pt
* \topskip=10.0pt
* \footskip=30.0pt
* \marginparwidth=57.0pt
* \marginparsep=11.0pt
* \columnsep=10.0pt
* \skip\footins=9.0pt plus 4.0pt minus 2.0pt
* \hoffset=0.0pt
* \voffset=0.0pt
* \mag=1000
* \@twocolumnfalse
* \@twosidefalse
* \@mparswitchfalse
* \@reversemarginfalse
* (1in=72.27pt=25.4mm, 1cm=28.453pt)

(/usr/share/texlive/texmf-dist/tex/latex/ucs/ucsencs.def
File: ucsencs.def 2011/01/21 Fixes to fontencodings LGR, T3
)
(/usr/share/texlive/texmf-dist/tex/context/base/supp-pdf.mkii
[Loading MPS to PDF converter (version 2006.09.02).]
\scratchcounter=\count195
\scratchdimen=\dimen148
\scratchbox=\box38
\nofMPsegments=\count196
\nofMParguments=\count197
\everyMPshowfont=\toks64
\MPscratchCnt=\count198
\MPscratchDim=\dimen149
\MPnumerator=\count199
\makeMPintoPDFobject=\count266
\everyMPtoPDFconversion=\toks65
) (/usr/share/texlive/texmf-dist/tex/latex/oberdiek/epstopdf-base.sty
Package: epstopdf-base 2010/02/09 v2.5 Base part for package epstopdf

(/usr/share/texlive/texmf-dist/tex/latex/oberdiek/grfext.sty
Package: grfext 2010/08/19 v1.1 Manage graphics extensions (HO)
)
Package grfext Info: Graphics extension search list:
(grfext)             [.png,.pdf,.jpg,.mps,.jpeg,.jbig2,.jb2,.PNG,.PDF,.JPG,.JPE
G,.JBIG2,.JB2,.eps]
(grfext)             \AppendGraphicsExtensions on input line 452.

(/usr/share/texlive/texmf-dist/tex/latex/latexconfig/epstopdf-sys.cfg
File: epstopdf-sys.cfg 2010/07/13 v1.3 Configuration of (r)epstopdf for TeX Liv
e
))
\c@lstlisting=\count267
\AtBeginShipoutBox=\box39
Package hyperref Info: Link coloring OFF on input line 3.

(/usr/share/texlive/texmf-dist/tex/latex/hyperref/nameref.sty
Package: nameref 2012/10/27 v2.43 Cross-referencing by name of section

(/usr/share/texlive/texmf-dist/tex/generic/oberdiek/gettitlestring.sty
Package: gettitlestring 2010/12/03 v1.4 Cleanup title references (HO)
)
\c@section@level=\count268
)
LaTeX Info: Redefining \ref on input line 3.
LaTeX Info: Redefining \pageref on input line 3.
LaTeX Info: Redefining \nameref on input line 3.

(./PusExtension.out) (./PusExtension.out)
\@outlinefile=\write5
\openout5 = `PusExtension.out'.

Package caption Info: Begin \AtBeginDocument code.
Package caption Info: End \AtBeginDocument code.
LaTeX Font Info:    Try loading font information for T1+cmtt on input line 11.

(/usr/share/texlive/texmf-dist/tex/latex/base/t1cmtt.fd
File: t1cmtt.fd 2014/09/29 v2.5h Standard LaTeX font definitions
)
\dtldb@dbAP=\toks66
\dtlkeys@dbAP=\toks67
\dtlrows@dbAP=\count269
\dtlcols@dbAP=\count270
\dtldb@dbCmd=\toks68
\dtlkeys@dbCmd=\toks69
\dtlrows@dbCmd=\count271
\dtlcols@dbCmd=\count272
\dtldb@dbRep=\toks70
\dtlkeys@dbRep=\toks71
\dtlrows@dbRep=\count273
\dtlcols@dbRep=\count274
\dtldb@dbReq=\toks72
\dtlkeys@dbReq=\toks73
\dtlrows@dbReq=\count275
\dtlcols@dbReq=\count276
\dtldb@dbObs=\toks74
\dtlkeys@dbObs=\toks75
\dtlrows@dbObs=\count277
\dtlcols@dbObs=\count278
\dtldb@dbPar=\toks76
\dtlkeys@dbPar=\toks77
\dtlrows@dbPar=\count279
\dtlcols@dbPar=\count280
\dtldb@dbConst=\toks78
\dtlkeys@dbConst=\toks79
\dtlrows@dbConst=\count281
\dtlcols@dbConst=\count282
\dtldb@dbErr=\toks80
\dtlkeys@dbErr=\toks81
\dtlrows@dbErr=\count283
\dtlcols@dbErr=\count284
\dtldb@dbEvt=\toks82
\dtlkeys@dbEvt=\toks83
\dtlrows@dbEvt=\count285
\dtlcols@dbEvt=\count286
\dtldb@dbReqVerFailCodes=\toks84
\dtlkeys@dbReqVerFailCodes=\toks85
\dtlrows@dbReqVerFailCodes=\count287
\dtlcols@dbReqVerFailCodes=\count288
\dtldb@dbServ=\toks86
\dtlkeys@dbServ=\toks87
\dtlrows@dbServ=\count289
\dtlcols@dbServ=\count290

<logoPnP_1.jpg, id=323, 202.7575pt x 128.48pt>
File: logoPnP_1.jpg Graphic file (type jpg)
 <use logoPnP_1.jpg>
Package pdftex.def Info: logoPnP_1.jpg used on input line 182.
(pdftex.def)             Requested size: 50.68924pt x 32.11992pt.
LaTeX Font Info:    Try loading font information for OMS+cmr on input line 182.


(/usr/share/texlive/texmf-dist/tex/latex/base/omscmr.fd
File: omscmr.fd 2014/09/29 v2.5h Standard LaTeX font definitions
)
LaTeX Font Info:    Font shape `OMS/cmr/m/n' in size <10> not available
(Font)              Font shape `OMS/cmsy/m/n' tried instead on input line 182.
 [1{/var/lib/texmf/fonts/map/pdftex/updmap/pdftex.map}

 <./logoPnP_1.jpg>] (./PusExtension.toc
File: logoPnP_1.jpg Graphic file (type jpg)

<use logoPnP_1.jpg>
Package pdftex.def Info: logoPnP_1.jpg used on input line 51.
(pdftex.def)             Requested size: 50.68924pt x 32.11992pt.
 [2])
\tf@toc=\write6
\openout6 = `PusExtension.toc'.

File: logoPnP_1.jpg Graphic file (type jpg)
 <use logoPnP_1.jpg>
Package pdftex.def Info: logoPnP_1.jpg used on input line 183.
(pdftex.def)             Requested size: 50.68924pt x 32.11992pt.
 [3] (./PusExtension.lof)
\tf@lof=\write7
\openout7 = `PusExtension.lof'.

File: logoPnP_1.jpg Graphic file (type jpg)

<use logoPnP_1.jpg>
Package pdftex.def Info: logoPnP_1.jpg used on input line 184.
(pdftex.def)             Requested size: 50.68924pt x 32.11992pt.
 [4] (./PusExtension.lot
File: logoPnP_1.jpg Graphic file (type jpg)
 <use logoPnP_1.jpg>
Package pdftex.def Info: logoPnP_1.jpg used on input line 51.
(pdftex.def)             Requested size: 50.68924pt x 32.11992pt.
 [5])
\tf@lot=\write8
\openout8 = `PusExtension.lot'.

File: logoPnP_1.jpg Graphic file (type jpg)

<use logoPnP_1.jpg>
Package pdftex.def Info: logoPnP_1.jpg used on input line 188.
(pdftex.def)             Requested size: 50.68924pt x 32.11992pt.
 [6]
File: logoPnP_1.jpg Graphic file (type jpg)
 <use logoPnP_1.jpg>
Package pdftex.def Info: logoPnP_1.jpg used on input line 223.
(pdftex.def)             Requested size: 50.68924pt x 32.11992pt.
 [7]
(/usr/share/texlive/texmf-dist/tex/latex/ucs/data/uni-32.def
File: uni-32.def 2013/05/13 UCS: Unicode data U+2000..U+20FF
)
File: logoPnP_1.jpg Graphic file (type jpg)

<use logoPnP_1.jpg>
Package pdftex.def Info: logoPnP_1.jpg used on input line 267.
(pdftex.def)             Requested size: 50.68924pt x 32.11992pt.
 [8]
<../images/ServConcept.png, id=673, 431.6125pt x 292.09125pt>
File: ../images/ServConcept.png Graphic file (type png)

<use ../images/ServConcept.png>
Package pdftex.def Info: ../images/ServConcept.png used on input line 287.
(pdftex.def)             Requested size: 172.64194pt x 116.83441pt.
File: logoPnP_1.jpg Graphic file (type jpg)
 <use logoPnP_1.jpg>
Package pdftex.def Info: logoPnP_1.jpg used on input line 290.
(pdftex.def)             Requested size: 50.68924pt x 32.11992pt.
 [9 <../images/ServConcept.png>]
File: logoPnP_1.jpg Graphic file (type jpg)
 <use logoPnP_1.jpg>
Package pdftex.def Info: logoPnP_1.jpg used on input line 317.
(pdftex.def)             Requested size: 50.68924pt x 32.11992pt.
 [10]
<../images/HierarchicalDefServ.png, id=688, 943.525pt x 561.09625pt>
File: ../images/HierarchicalDefServ.png Graphic file (type png)

<use ../images/HierarchicalDefServ.png>
Package pdftex.def Info: ../images/HierarchicalDefServ.png used on input line 3
22.
(pdftex.def)             Requested size: 283.05968pt x 168.33017pt.
File: logoPnP_1.jpg Graphic file (type jpg)
 <use logoPnP_1.jpg>
Package pdftex.def Info: logoPnP_1.jpg used on input line 355.
(pdftex.def)             Requested size: 50.68924pt x 32.11992pt.
 [11 <../images/HierarchicalDefServ.png>]
File: logoPnP_1.jpg Graphic file (type jpg)
 <use logoPnP_1.jpg>
Package pdftex.def Info: logoPnP_1.jpg used on input line 378.
(pdftex.def)             Requested size: 50.68924pt x 32.11992pt.
 [12]
File: logoPnP_1.jpg Graphic file (type jpg)
 <use logoPnP_1.jpg>
Package pdftex.def Info: logoPnP_1.jpg used on input line 396.
(pdftex.def)             Requested size: 50.68924pt x 32.11992pt.
 [13]
File: logoPnP_1.jpg Graphic file (type jpg)

<use logoPnP_1.jpg>
Package pdftex.def Info: logoPnP_1.jpg used on input line 414.
(pdftex.def)             Requested size: 50.68924pt x 32.11992pt.
 [14]
File: logoPnP_1.jpg Graphic file (type jpg)
 <use logoPnP_1.jpg>
Package pdftex.def Info: logoPnP_1.jpg used on input line 415.
(pdftex.def)             Requested size: 50.68924pt x 32.11992pt.
 [15]
File: logoPnP_1.jpg Graphic file (type jpg)
 <use logoPnP_1.jpg>
Package pdftex.def Info: logoPnP_1.jpg used on input line 449.
(pdftex.def)             Requested size: 50.68924pt x 32.11992pt.
 [16]
Overfull \hbox (3.67992pt too wide) in alignment at lines 456--462
 [] [] 
 []


Overfull \hbox (3.67992pt too wide) in alignment at lines 462--466
 [] [] 
 []


Overfull \hbox (3.67992pt too wide) in alignment at lines 466--501
 [] [] 
 []

File: logoPnP_1.jpg Graphic file (type jpg)
<use logoPnP_1.jpg>
Package pdftex.def Info: logoPnP_1.jpg used on input line 507.
(pdftex.def)             Requested size: 50.68924pt x 32.11992pt.
 [17]
File: logoPnP_1.jpg Graphic file (type jpg)
 <use logoPnP_1.jpg>
Package pdftex.def Info: logoPnP_1.jpg used on input line 529.
(pdftex.def)             Requested size: 50.68924pt x 32.11992pt.
 [18]
Overfull \hbox (16.22249pt too wide) in alignment at lines 533--533
 [] [] 
 []


Overfull \hbox (16.22249pt too wide) in alignment at lines 533--533
 [] [] 
 []


Overfull \hbox (16.22249pt too wide) in alignment at lines 533--534
 [] [] 
 []

File: logoPnP_1.jpg Graphic file (type jpg)
<use logoPnP_1.jpg>
Package pdftex.def Info: logoPnP_1.jpg used on input line 538.
(pdftex.def)             Requested size: 50.68924pt x 32.11992pt.
 [19]
File: logoPnP_1.jpg Graphic file (type jpg)
 <use logoPnP_1.jpg>
Package pdftex.def Info: logoPnP_1.jpg used on input line 568.
(pdftex.def)             Requested size: 50.68924pt x 32.11992pt.
 [20]
File: logoPnP_1.jpg Graphic file (type jpg)
 <use logoPnP_1.jpg>
Package pdftex.def Info: logoPnP_1.jpg used on input line 590.
(pdftex.def)             Requested size: 50.68924pt x 32.11992pt.
 [21]
Overfull \hbox (3.72794pt too wide) in alignment at lines 606--606
 [] [] [] 
 []


Overfull \hbox (3.72794pt too wide) in alignment at lines 606--606
 [] [] [] 
 []


Underfull \hbox (badness 3872) in paragraph at lines 606--606
\T1/cmr/m/n/10 Pool Com-po-nent (Over-rides
 []


Overfull \hbox (3.72794pt too wide) in alignment at lines 606--607
 [] [] [] 
 []

File: logoPnP_1.jpg Graphic file (type jpg)
<use logoPnP_1.jpg>
Package pdftex.def Info: logoPnP_1.jpg used on input line 607.
(pdftex.def)             Requested size: 50.68924pt x 32.11992pt.
 [22]
Overfull \hbox (8.86317pt too wide) in alignment at lines 613--613
 [] [] 
 []


Overfull \hbox (8.86317pt too wide) in alignment at lines 613--613
 [] [] 
 []


Overfull \hbox (8.86317pt too wide) in alignment at lines 613--614
 [] [] 
 []

File: logoPnP_1.jpg Graphic file (type jpg)
<use logoPnP_1.jpg>
Package pdftex.def Info: logoPnP_1.jpg used on input line 617.
(pdftex.def)             Requested size: 50.68924pt x 32.11992pt.
 [23]
Overfull \hbox (8.23926pt too wide) in alignment at lines 628--628
 [] [] 
 []


Overfull \hbox (8.23926pt too wide) in alignment at lines 628--628
 [] [] 
 []


Overfull \hbox (8.23926pt too wide) in alignment at lines 628--629
 [] [] 
 []

File: logoPnP_1.jpg Graphic file (type jpg)
<use logoPnP_1.jpg>
Package pdftex.def Info: logoPnP_1.jpg used on input line 634.
(pdftex.def)             Requested size: 50.68924pt x 32.11992pt.
 [24]
Overfull \hbox (12.33455pt too wide) in alignment at lines 641--641
 [] [] 
 []


Overfull \hbox (12.33455pt too wide) in alignment at lines 641--641
 [] [] 
 []


Overfull \hbox (12.33455pt too wide) in alignment at lines 641--642
 [] [] 
 []

File: logoPnP_1.jpg Graphic file (type jpg)
<use logoPnP_1.jpg>
Package pdftex.def Info: logoPnP_1.jpg used on input line 646.
(pdftex.def)             Requested size: 50.68924pt x 32.11992pt.
 [25]
<../images/InCmdAdaptation.png, id=846, 737.75626pt x 490.83376pt>
File: ../images/InCmdAdaptation.png Graphic file (type png)

<use ../images/InCmdAdaptation.png>
Package pdftex.def Info: ../images/InCmdAdaptation.png used on input line 655.
(pdftex.def)             Requested size: 306.16313pt x 203.6922pt.
File: logoPnP_1.jpg Graphic file (type jpg)
 <use logoPnP_1.jpg>
Package pdftex.def Info: logoPnP_1.jpg used on input line 665.
(pdftex.def)             Requested size: 50.68924pt x 32.11992pt.
 [26 <../images/InCmdAdaptation.png>] <../images/CrFwInCommand.png, id=854, 755
.82375pt x 429.605pt>
File: ../images/CrFwInCommand.png Graphic file (type png)

<use ../images/CrFwInCommand.png>
Package pdftex.def Info: ../images/CrFwInCommand.png used on input line 668.
(pdftex.def)             Requested size: 377.91095pt x 214.80197pt.
File: logoPnP_1.jpg Graphic file (type jpg)
 <use logoPnP_1.jpg>
Package pdftex.def Info: logoPnP_1.jpg used on input line 684.
(pdftex.def)             Requested size: 50.68924pt x 32.11992pt.
 [27 <../images/CrFwInCommand.png>]
Overfull \hbox (17.79395pt too wide) in alignment at lines 703--703
 [] [] [] 
 []


Overfull \hbox (17.79395pt too wide) in alignment at lines 703--703
 [] [] [] 
 []


Underfull \hbox (badness 10000) in paragraph at lines 703--703
[]|\T1/cmr/m/n/10 Shutdown Ac-tion in Base
 []


Underfull \hbox (badness 10000) in paragraph at lines 703--703
[]|\T1/cmr/m/n/10 Command/Report Sub-Type
 []


Underfull \hbox (badness 2790) in paragraph at lines 703--703
\T1/cmr/m/n/10 At-tribute of Out-Com-po-nent
 []


Underfull \hbox (badness 10000) in paragraph at lines 703--703
\T1/cmr/m/n/10 of Out-Com-po-nent (Closes
 []


Underfull \hbox (badness 2538) in paragraph at lines 703--703
[]|\T1/cmr/m/n/10 Enable Check Op-er-a-tion of
 []


Underfull \hbox (badness 4060) in paragraph at lines 703--703
[]|\T1/cmr/m/n/10 Ready Check Op-er-a-tion of
 []


Underfull \hbox (badness 2126) in paragraph at lines 703--703
[]|\T1/cmr/m/n/10 Repeat Check Op-er-a-tion of
 []


Underfull \hbox (badness 2600) in paragraph at lines 703--703
[]|\T1/cmr/m/n/10 Serialize Op-er-a-tion of Out-
 []


Overfull \hbox (17.79395pt too wide) in alignment at lines 703--704
 [] [] [] 
 []

File: logoPnP_1.jpg Graphic file (type jpg)
<use logoPnP_1.jpg>
Package pdftex.def Info: logoPnP_1.jpg used on input line 704.
(pdftex.def)             Requested size: 50.68924pt x 32.11992pt.
 [28]
File: logoPnP_1.jpg Graphic file (type jpg)
 <use logoPnP_1.jpg>
Package pdftex.def Info: logoPnP_1.jpg used on input line 706.
(pdftex.def)             Requested size: 50.68924pt x 32.11992pt.
 [29]
Overfull \hbox (13.6283pt too wide) in alignment at lines 707--707
 [] [] [] 
 []


Overfull \hbox (13.6283pt too wide) in alignment at lines 707--707
 [] [] [] 
 []


Underfull \hbox (badness 2005) in paragraph at lines 707--707
[]|\T1/cmr/m/n/10 Configuration Check in Re-
 []


Underfull \hbox (badness 1173) in paragraph at lines 707--707
[]|\T1/cmr/m/n/10 Configuration Ac-tion in Re-
 []


Underfull \hbox (badness 2744) in paragraph at lines 707--707
[]|\T1/cmr/m/n/10 Execution Pro-ce-dure of In-
 []


Underfull \hbox (badness 3780) in paragraph at lines 707--707
[]|\T1/cmr/m/n/10 Progress Ac-tion of In-Com-
 []


Underfull \hbox (badness 4647) in paragraph at lines 707--707
[]|\T1/cmr/m/n/10 Operation to Re-port Start
 []


Underfull \hbox (badness 4647) in paragraph at lines 707--707
[]|\T1/cmr/m/n/10 Operation to Re-port Start
 []


Underfull \hbox (badness 10000) in paragraph at lines 707--707
\T1/cmr/m/n/10 Suc-cess-ful for In-Com-mand
 []


Underfull \hbox (badness 10000) in paragraph at lines 707--707
\T1/cmr/m/n/10 Suc-cess-ful for In-Com-mand
 []


Underfull \hbox (badness 1072) in paragraph at lines 707--707
[]|\T1/cmr/m/n/10 Operation to Re-port Ter-mi-
 []


Overfull \hbox (13.6283pt too wide) in alignment at lines 707--707
 [] [] [] 
 []


Underfull \hbox (badness 1616) in paragraph at lines 707--707
[]|\T1/cmr/m/n/10 Parameter At-tributes of In-
 []


Overfull \hbox (13.6283pt too wide) in alignment at lines 707--708
 [] [] [] 
 []

File: logoPnP_1.jpg Graphic file (type jpg)
<use logoPnP_1.jpg>
Package pdftex.def Info: logoPnP_1.jpg used on input line 708.
(pdftex.def)             Requested size: 50.68924pt x 32.11992pt.
 [30]
File: logoPnP_1.jpg Graphic file (type jpg)
 <use logoPnP_1.jpg>
Package pdftex.def Info: logoPnP_1.jpg used on input line 740.
(pdftex.def)             Requested size: 50.68924pt x 32.11992pt.
 [31]
Overfull \hbox (15.80592pt too wide) in alignment at lines 745--745
 [] [] 
 []


Overfull \hbox (15.80592pt too wide) in alignment at lines 745--745
 [] [] 
 []


Overfull \hbox (15.80592pt too wide) in alignment at lines 745--746
 [] [] 
 []

File: logoPnP_1.jpg Graphic file (type jpg)
<use logoPnP_1.jpg>
Package pdftex.def Info: logoPnP_1.jpg used on input line 748.
(pdftex.def)             Requested size: 50.68924pt x 32.11992pt.
 [32]
Overfull \hbox (17.09492pt too wide) in alignment at lines 749--755
 [] [] [] 
 []


Overfull \hbox (17.09492pt too wide) in alignment at lines 755--759
 [] [] [] 
 []


Overfull \hbox (17.09492pt too wide) in alignment at lines 759--761
 [] [] [] 
 []


Overfull \hbox (4.3596pt too wide) in paragraph at lines 761--761
[]|\T1/cmr/m/n/10 MonChgTransDelCmd|  
 []


Overfull \hbox (17.09492pt too wide) in alignment at lines 761--761
 [] [] [] 
 []


Overfull \hbox (9.99712pt too wide) in paragraph at lines 761--761
[]|\T1/cmr/m/n/10 MonDelAllParMonCmd|  
 []


Overfull \hbox (2.08238pt too wide) in paragraph at lines 761--761
[]|\T1/cmr/m/n/10 MonModParMonCmd|  
 []


Overfull \hbox (17.09492pt too wide) in alignment at lines 761--761
 [] [] [] 
 []

File: logoPnP_1.jpg Graphic file (type jpg)
<use logoPnP_1.jpg>
Package pdftex.def Info: logoPnP_1.jpg used on input line 761.
(pdftex.def)             Requested size: 50.68924pt x 32.11992pt.
 [33]
Overfull \hbox (3.19322pt too wide) in paragraph at lines 761--761
[]|\T1/cmr/m/n/10 OnBoardConnectCmd|  
 []


Overfull \hbox (17.09492pt too wide) in alignment at lines 761--762
 [] [] [] 
 []

File: logoPnP_1.jpg Graphic file (type jpg)
<use logoPnP_1.jpg>
Package pdftex.def Info: logoPnP_1.jpg used on input line 770.
(pdftex.def)             Requested size: 50.68924pt x 32.11992pt.
 [34]
Overfull \hbox (12.02821pt too wide) in alignment at lines 791--797
 [] [] [] 
 []


Overfull \hbox (12.02821pt too wide) in alignment at lines 797--801
 [] [] [] 
 []


Overfull \hbox (12.02821pt too wide) in alignment at lines 801--820
 [] [] [] 
 []

File: logoPnP_1.jpg Graphic file (type jpg)
<use logoPnP_1.jpg>
Package pdftex.def Info: logoPnP_1.jpg used on input line 820.
(pdftex.def)             Requested size: 50.68924pt x 32.11992pt.
 [35]
File: logoPnP_1.jpg Graphic file (type jpg)
 <use logoPnP_1.jpg>
Package pdftex.def Info: logoPnP_1.jpg used on input line 823.
(pdftex.def)             Requested size: 50.68924pt x 32.11992pt.
 [36]
File: logoPnP_1.jpg Graphic file (type jpg)
 <use logoPnP_1.jpg>
Package pdftex.def Info: logoPnP_1.jpg used on input line 845.
(pdftex.def)             Requested size: 50.68924pt x 32.11992pt.
 [37]
File: logoPnP_1.jpg Graphic file (type jpg)

<use logoPnP_1.jpg>
Package pdftex.def Info: logoPnP_1.jpg used on input line 869.
(pdftex.def)             Requested size: 50.68924pt x 32.11992pt.
 [38]
Overfull \hbox (8.23926pt too wide) in alignment at lines 877--877
 [] [] 
 []


Overfull \hbox (8.23926pt too wide) in alignment at lines 877--877
 [] [] 
 []


Overfull \hbox (8.23926pt too wide) in alignment at lines 877--878
 [] [] 
 []

File: logoPnP_1.jpg Graphic file (type jpg)
<use logoPnP_1.jpg>
Package pdftex.def Info: logoPnP_1.jpg used on input line 878.
(pdftex.def)             Requested size: 50.68924pt x 32.11992pt.
 [39]
Overfull \hbox (3.72794pt too wide) in alignment at lines 884--884
 [] [] [] 
 []


Overfull \hbox (3.72794pt too wide) in alignment at lines 884--884
 [] [] [] 
 []


Underfull \hbox (badness 1122) in paragraph at lines 884--884
[]|\T1/cmr/m/n/10 Operation to Re-port Packet
 []


Underfull \hbox (badness 6893) in paragraph at lines 884--884
\T1/cmr/m/n/10 Des-ti-na-tion In-valid by In-
 []


Underfull \hbox (badness 6758) in paragraph at lines 884--884
\T1/cmr/m/n/10 tance Fail-ure by In-Loader
 []


Underfull \hbox (badness 4819) in paragraph at lines 884--884
\T1/cmr/m/n/10 tance Suc-cess by In-Loader
 []


Underfull \hbox (badness 4647) in paragraph at lines 884--884
[]|\T1/cmr/m/n/10 Operation to Re-port Start
 []


Underfull \hbox (badness 4647) in paragraph at lines 884--884
[]|\T1/cmr/m/n/10 Operation to Re-port Start
 []


Underfull \hbox (badness 10000) in paragraph at lines 884--884
\T1/cmr/m/n/10 Suc-cess-ful for In-Com-mand
 []


Underfull \hbox (badness 10000) in paragraph at lines 884--884
\T1/cmr/m/n/10 Suc-cess-ful for In-Com-mand
 []


Underfull \hbox (badness 1072) in paragraph at lines 884--884
[]|\T1/cmr/m/n/10 Operation to Re-port Ter-mi-
 []


Overfull \hbox (3.72794pt too wide) in alignment at lines 884--885
 [] [] [] 
 []


Overfull \hbox (4.97523pt too wide) in alignment at lines 892--892
 [] [] 
 []


Overfull \hbox (4.97523pt too wide) in alignment at lines 892--892
 [] [] 
 []


Overfull \hbox (4.97523pt too wide) in alignment at lines 892--893
 [] [] 
 []

File: logoPnP_1.jpg Graphic file (type jpg)
<use logoPnP_1.jpg>
Package pdftex.def Info: logoPnP_1.jpg used on input line 893.
(pdftex.def)             Requested size: 50.68924pt x 32.11992pt.
 [40]
File: logoPnP_1.jpg Graphic file (type jpg)
 <use logoPnP_1.jpg>
Package pdftex.def Info: logoPnP_1.jpg used on input line 896.
(pdftex.def)             Requested size: 50.68924pt x 32.11992pt.
 [41]
<../images/CrPsPcktReroutingFail.png, id=1136, 665.48625pt x 554.07pt>
File: ../images/CrPsPcktReroutingFail.png Graphic file (type png)

<use ../images/CrPsPcktReroutingFail.png>
Package pdftex.def Info: ../images/CrPsPcktReroutingFail.png used on input line
 899.
(pdftex.def)             Requested size: 276.17165pt x 229.93477pt.

<../images/CrPsPcktAccFail.png, id=1137, 662.475pt x 567.11874pt>
File: ../images/CrPsPcktAccFail.png Graphic file (type png)

<use ../images/CrPsPcktAccFail.png>
Package pdftex.def Info: ../images/CrPsPcktAccFail.png used on input line 906.
(pdftex.def)             Requested size: 274.26494pt x 234.78741pt.

<../images/CrPsCmdVerSucc.png, id=1138, 723.70375pt x 436.63126pt>
File: ../images/CrPsCmdVerSucc.png Graphic file (type png)

<use ../images/CrPsCmdVerSucc.png>
Package pdftex.def Info: ../images/CrPsCmdVerSucc.png used on input line 913.
(pdftex.def)             Requested size: 300.33145pt x 181.1986pt.

<../images/CrPsCmdVerFail.png, id=1139, 786.94pt x 599.23875pt>
File: ../images/CrPsCmdVerFail.png Graphic file (type png)

<use ../images/CrPsCmdVerFail.png>
Package pdftex.def Info: ../images/CrPsCmdVerFail.png used on input line 920.
(pdftex.def)             Requested size: 326.574pt x 248.67944pt.

<../images/CrPsCmdPrgrSucc.png, id=1140, 655.44875pt x 428.60126pt>
File: ../images/CrPsCmdPrgrSucc.png Graphic file (type png)

<use ../images/CrPsCmdPrgrSucc.png>
Package pdftex.def Info: ../images/CrPsCmdPrgrSucc.png used on input line 927.
(pdftex.def)             Requested size: 272.00615pt x 177.8662pt.

<../images/CrPsCmdPrgrFail.png, id=1141, 749.80125pt x 526.96875pt>
File: ../images/CrPsCmdPrgrFail.png Graphic file (type png)

<use ../images/CrPsCmdPrgrFail.png>
Package pdftex.def Info: ../images/CrPsCmdPrgrFail.png used on input line 934.
(pdftex.def)             Requested size: 311.16171pt x 218.68794pt.
File: logoPnP_1.jpg Graphic file (type jpg)
 <use logoPnP_1.jpg>
Package pdftex.def Info: logoPnP_1.jpg used on input line 938.
(pdftex.def)             Requested size: 50.68924pt x 32.11992pt.
 [42 <../images/CrPsPcktReroutingFail.png> <../images/CrPsPcktAccFail.png>]
File: logoPnP_1.jpg Graphic file (type jpg)
 <use logoPnP_1.jpg>
Package pdftex.def Info: logoPnP_1.jpg used on input line 938.
(pdftex.def)             Requested size: 50.68924pt x 32.11992pt.

[43 <../images/CrPsCmdVerSucc.png> <../images/CrPsCmdVerFail.png>]
File: logoPnP_1.jpg Graphic file (type jpg)

<use logoPnP_1.jpg>
Package pdftex.def Info: logoPnP_1.jpg used on input line 940.
(pdftex.def)             Requested size: 50.68924pt x 32.11992pt.
 [44 <../images/CrPsCmdPrgrSucc.png> <../images/CrPsCmdPrgrFail.png>]
File: logoPnP_1.jpg Graphic file (type jpg)
 <use logoPnP_1.jpg>
Package pdftex.def Info: logoPnP_1.jpg used on input line 962.
(pdftex.def)             Requested size: 50.68924pt x 32.11992pt.
 [45]
Overfull \hbox (16.07991pt too wide) in alignment at lines 971--971
 [] [] [] 
 []


Overfull \hbox (16.07991pt too wide) in alignment at lines 971--971
 [] [] [] 
 []


Underfull \hbox (badness 2368) in paragraph at lines 974--974
[]|\T1/cmr/m/n/10 Collection pe-riod in units of
 []


Underfull \hbox (badness 3039) in paragraph at lines 986--986
[]|\T1/cmr/m/n/10 List of num-bers (\T1/cmtt/m/n/10 nRep[1] \T1/cmr/m/n/10 ..
 []


Underfull \hbox (badness 10000) in paragraph at lines 990--990
\T1/cmr/m/n/10 buffer hold-ing the super-
 []


Overfull \hbox (16.07991pt too wide) in alignment at lines 971--992
 [] [] [] 
 []

File: logoPnP_1.jpg Graphic file (type jpg)
<use logoPnP_1.jpg>
Package pdftex.def Info: logoPnP_1.jpg used on input line 998.
(pdftex.def)             Requested size: 50.68924pt x 32.11992pt.
 [46]
Overfull \hbox (0.97327pt too wide) in paragraph at lines 1001--1002
[]\T1/cmr/m/n/10 The num-ber of sam-pling buffers is HK_N_SAMP_BUF. The value o
f HK_N_SAMP_BUF
 []

File: logoPnP_1.jpg Graphic file (type jpg)
<use logoPnP_1.jpg>
Package pdftex.def Info: logoPnP_1.jpg used on input line 1020.
(pdftex.def)             Requested size: 50.68924pt x 32.11992pt.
 [47]
(/usr/share/texlive/texmf-dist/tex/latex/ucs/data/uni-0.def
File: uni-0.def 2013/05/13 UCS: Unicode data U+0000..U+00FF
)
Underfull \hbox (badness 3108) in paragraph at lines 1042--1042
[]|\T1/cmr/m/n/10 Operation to Re-
 []

File: logoPnP_1.jpg Graphic file (type jpg)
<use logoPnP_1.jpg>
Package pdftex.def Info: logoPnP_1.jpg used on input line 1043.
(pdftex.def)             Requested size: 50.68924pt x 32.11992pt.
 [48]
Underfull \hbox (badness 3108) in paragraph at lines 1045--1045
[]|\T1/cmr/m/n/10 Operation to Re-
 []

File: logoPnP_1.jpg Graphic file (type jpg)
<use logoPnP_1.jpg>
Package pdftex.def Info: logoPnP_1.jpg used on input line 1048.
(pdftex.def)             Requested size: 50.68924pt x 32.11992pt.
 [49]
Underfull \hbox (badness 3108) in paragraph at lines 1049--1049
[]|\T1/cmr/m/n/10 Operation to Re-
 []


Underfull \hbox (badness 3108) in paragraph at lines 1052--1052
[]|\T1/cmr/m/n/10 Operation to Re-
 []

File: logoPnP_1.jpg Graphic file (type jpg)
<use logoPnP_1.jpg>
Package pdftex.def Info: logoPnP_1.jpg used on input line 1055.
(pdftex.def)             Requested size: 50.68924pt x 32.11992pt.
 [50]
Underfull \hbox (badness 3108) in paragraph at lines 1056--1056
[]|\T1/cmr/m/n/10 Operation to Re-
 []

File: logoPnP_1.jpg Graphic file (type jpg)
<use logoPnP_1.jpg>
Package pdftex.def Info: logoPnP_1.jpg used on input line 1062.
(pdftex.def)             Requested size: 50.68924pt x 32.11992pt.
 [51]
Underfull \hbox (badness 3108) in paragraph at lines 1066--1066
[]|\T1/cmr/m/n/10 Operation to Re-
 []

File: logoPnP_1.jpg Graphic file (type jpg)
<use logoPnP_1.jpg>
Package pdftex.def Info: logoPnP_1.jpg used on input line 1069.
(pdftex.def)             Requested size: 50.68924pt x 32.11992pt.
 [52]
Underfull \hbox (badness 2573) in paragraph at lines 1074--1074
[]|\T1/cmr/m/n/10 Maximum value of the rep-e-ti-tion num-ber of a super-
 []

File: logoPnP_1.jpg Graphic file (type jpg)
<use logoPnP_1.jpg>
Package pdftex.def Info: logoPnP_1.jpg used on input line 1086.
(pdftex.def)             Requested size: 50.68924pt x 32.11992pt.
 [53]
Overfull \hbox (8.03004pt too wide) in alignment at lines 1097--1097
 [] [] 
 []


Overfull \hbox (8.03004pt too wide) in alignment at lines 1097--1097
 [] [] 
 []


Underfull \hbox (badness 6658) in paragraph at lines 1097--1097
[]|\T1/cmr/m/it/10 The PUS Ex-ten-sion of the CORDET Frame-work shall im-ple-me
nt
 []


Overfull \hbox (8.03004pt too wide) in alignment at lines 1097--1097
 [] [] 
 []


LaTeX Warning: Reference `tab:CR-S3-25s' on page 54 undefined on input line 109
7.


Overfull \hbox (8.03004pt too wide) in alignment at lines 1097--1098
 [] [] 
 []

File: logoPnP_1.jpg Graphic file (type jpg)
<use logoPnP_1.jpg>
Package pdftex.def Info: logoPnP_1.jpg used on input line 1098.
(pdftex.def)             Requested size: 50.68924pt x 32.11992pt.
 [54]
<../images/CrPsCmd3s1Start.png, id=1371, 713.66624pt x 782.925pt>
File: ../images/CrPsCmd3s1Start.png Graphic file (type png)

<use ../images/CrPsCmd3s1Start.png>
Package pdftex.def Info: ../images/CrPsCmd3s1Start.png used on input line 1102.

(pdftex.def)             Requested size: 392.51764pt x 430.61008pt.
File: logoPnP_1.jpg Graphic file (type jpg)
 <use logoPnP_1.jpg>
Package pdftex.def Info: logoPnP_1.jpg used on input line 1106.
(pdftex.def)             Requested size: 50.68924pt x 32.11992pt.
 [55]
<../images/CrPsCmd3s3Start.png, id=1394, 647.41875pt x 616.3025pt>
File: ../images/CrPsCmd3s3Start.png Graphic file (type png)

<use ../images/CrPsCmd3s3Start.png>
Package pdftex.def Info: ../images/CrPsCmd3s3Start.png used on input line 1109.

(pdftex.def)             Requested size: 356.0814pt x 338.96742pt.
File: logoPnP_1.jpg Graphic file (type jpg)
 <use logoPnP_1.jpg>
Package pdftex.def Info: logoPnP_1.jpg used on input line 1113.
(pdftex.def)             Requested size: 50.68924pt x 32.11992pt.
 [56 <../images/CrPsCmd3s1Start.png>]
<../images/CrPsCmd3SidStart.png, id=1401, 647.41875pt x 496.85625pt>
File: ../images/CrPsCmd3SidStart.png Graphic file (type png)

<use ../images/CrPsCmd3SidStart.png>
Package pdftex.def Info: ../images/CrPsCmd3SidStart.png used on input line 1116
.
(pdftex.def)             Requested size: 356.0814pt x 273.27177pt.
File: logoPnP_1.jpg Graphic file (type jpg)
 <use logoPnP_1.jpg>
Package pdftex.def Info: logoPnP_1.jpg used on input line 1120.
(pdftex.def)             Requested size: 50.68924pt x 32.11992pt.
 [57 <../images/CrPsCmd3s3Start.png>]
<../images/CrPsCmd3s9Prgr.png, id=1408, 741.77126pt x 620.3175pt>
File: ../images/CrPsCmd3s9Prgr.png Graphic file (type png)

<use ../images/CrPsCmd3s9Prgr.png>
Package pdftex.def Info: ../images/CrPsCmd3s9Prgr.png used on input line 1123.
(pdftex.def)             Requested size: 407.97546pt x 341.17569pt.

Overfull \hbox (10.49048pt too wide) in paragraph at lines 1123--1124
 [][] 
 []

File: logoPnP_1.jpg Graphic file (type jpg)
<use logoPnP_1.jpg>
Package pdftex.def Info: logoPnP_1.jpg used on input line 1127.
(pdftex.def)             Requested size: 50.68924pt x 32.11992pt.
 [58 <../images/CrPsCmd3SidStart.png>]
<../images/CrPsRep3s25Ready.png, id=1415, 679.53876pt x 473.77pt>
File: ../images/CrPsRep3s25Ready.png Graphic file (type png)

<use ../images/CrPsRep3s25Ready.png>
Package pdftex.def Info: ../images/CrPsRep3s25Ready.png used on input line 1130
.
(pdftex.def)             Requested size: 373.74748pt x 260.57431pt.
File: logoPnP_1.jpg Graphic file (type jpg)
 <use logoPnP_1.jpg>
Package pdftex.def Info: logoPnP_1.jpg used on input line 1134.
(pdftex.def)             Requested size: 50.68924pt x 32.11992pt.
 [59 <../images/CrPsCmd3s9Prgr.png>]
File: logoPnP_1.jpg Graphic file (type jpg)
 <use logoPnP_1.jpg>
Package pdftex.def Info: logoPnP_1.jpg used on input line 1137.
(pdftex.def)             Requested size: 50.68924pt x 32.11992pt.
 [60 <../images/CrPsRep3s25Ready.png>]
File: logoPnP_1.jpg Graphic file (type jpg)

<use logoPnP_1.jpg>
Package pdftex.def Info: logoPnP_1.jpg used on input line 1167.
(pdftex.def)             Requested size: 50.68924pt x 32.11992pt.
 [61]
File: logoPnP_1.jpg Graphic file (type jpg)
 <use logoPnP_1.jpg>
Package pdftex.def Info: logoPnP_1.jpg used on input line 1190.
(pdftex.def)             Requested size: 50.68924pt x 32.11992pt.
 [62]
Underfull \hbox (badness 3108) in paragraph at lines 1191--1191
[]|\T1/cmr/m/n/10 Operation to Re-
 []


Underfull \hbox (badness 3108) in paragraph at lines 1194--1194
[]|\T1/cmr/m/n/10 Operation to Re-
 []

File: logoPnP_1.jpg Graphic file (type jpg)
<use logoPnP_1.jpg>
Package pdftex.def Info: logoPnP_1.jpg used on input line 1197.
(pdftex.def)             Requested size: 50.68924pt x 32.11992pt.
 [63]
Underfull \hbox (badness 3108) in paragraph at lines 1198--1198
[]|\T1/cmr/m/n/10 Operation to Re-
 []

File: logoPnP_1.jpg Graphic file (type jpg)
<use logoPnP_1.jpg>
Package pdftex.def Info: logoPnP_1.jpg used on input line 1205.
(pdftex.def)             Requested size: 50.68924pt x 32.11992pt.
 [64]
File: logoPnP_1.jpg Graphic file (type jpg)
 <use logoPnP_1.jpg>
Package pdftex.def Info: logoPnP_1.jpg used on input line 1221.
(pdftex.def)             Requested size: 50.68924pt x 32.11992pt.
 [65]
Overfull \hbox (9.97401pt too wide) in alignment at lines 1226--1226
 [] [] 
 []


Overfull \hbox (9.97401pt too wide) in alignment at lines 1226--1226
 [] [] 
 []


Overfull \hbox (9.97401pt too wide) in alignment at lines 1226--1227
 [] [] 
 []

<../images/CrPsCmd5EidStart.png, id=1548, 647.41875pt x 496.85625pt>
File: ../images/CrPsCmd5EidStart.png Graphic file (type png)

<use ../images/CrPsCmd5EidStart.png>
Package pdftex.def Info: ../images/CrPsCmd5EidStart.png used on input line 1231
.
(pdftex.def)             Requested size: 356.0814pt x 273.27177pt.
File: logoPnP_1.jpg Graphic file (type jpg)
 <use logoPnP_1.jpg>
Package pdftex.def Info: logoPnP_1.jpg used on input line 1235.
(pdftex.def)             Requested size: 50.68924pt x 32.11992pt.
 [66]
File: logoPnP_1.jpg Graphic file (type jpg)

<use logoPnP_1.jpg>
Package pdftex.def Info: logoPnP_1.jpg used on input line 1239.
(pdftex.def)             Requested size: 50.68924pt x 32.11992pt.
 [67 <../images/CrPsCmd5EidStart.png>]
Overfull \hbox (14.99762pt too wide) in paragraph at lines 1248--1249
[]\T1/cmr/m/n/10 The Pa-ram-e-ter Mon-i-tor-ing Pro-ce-dure should be ex-e-cute
d cycli-cally with a pe-riod of MON_PER
 []

File: logoPnP_1.jpg Graphic file (type jpg)
<use logoPnP_1.jpg>
Package pdftex.def Info: logoPnP_1.jpg used on input line 1267.
(pdftex.def)             Requested size: 50.68924pt x 32.11992pt.
 [68]
File: logoPnP_1.jpg Graphic file (type jpg)
 <use logoPnP_1.jpg>
Package pdftex.def Info: logoPnP_1.jpg used on input line 1290.
(pdftex.def)             Requested size: 50.68924pt x 32.11992pt.
 [69]
File: logoPnP_1.jpg Graphic file (type jpg)
 <use logoPnP_1.jpg>
Package pdftex.def Info: logoPnP_1.jpg used on input line 1331.
(pdftex.def)             Requested size: 50.68924pt x 32.11992pt.
 [70]
File: logoPnP_1.jpg Graphic file (type jpg)

<use logoPnP_1.jpg>
Package pdftex.def Info: logoPnP_1.jpg used on input line 1358.
(pdftex.def)             Requested size: 50.68924pt x 32.11992pt.
 [71]
File: logoPnP_1.jpg Graphic file (type jpg)
 <use logoPnP_1.jpg>
Package pdftex.def Info: logoPnP_1.jpg used on input line 1411.
(pdftex.def)             Requested size: 50.68924pt x 32.11992pt.
 [72]
Overfull \hbox (14.85876pt too wide) in paragraph at lines 1419--1420
[]\T1/cmr/m/n/10 Each func-tional mon-i-tor has an iden-ti-fier which is an in-
te-ger in the range: [1..MON_N_FMON].
 []

File: logoPnP_1.jpg Graphic file (type jpg)
<use logoPnP_1.jpg>
Package pdftex.def Info: logoPnP_1.jpg used on input line 1432.
(pdftex.def)             Requested size: 50.68924pt x 32.11992pt.
 [73]
Overfull \hbox (1.91576pt too wide) in paragraph at lines 1445--1446
\T1/cmr/m/n/10 0..MON_N_PFMON|  
 []


LaTeX Warning: Reference `tab:TBD' on page 74 undefined on input line 1449.


LaTeX Warning: Reference `tab:CR-S12-1' on page 74 undefined on input line 1477
.

File: logoPnP_1.jpg Graphic file (type jpg)
<use logoPnP_1.jpg>
Package pdftex.def Info: logoPnP_1.jpg used on input line 1480.
(pdftex.def)             Requested size: 50.68924pt x 32.11992pt.
 [74]
File: logoPnP_1.jpg Graphic file (type jpg)
 <use logoPnP_1.jpg>
Package pdftex.def Info: logoPnP_1.jpg used on input line 1494.
(pdftex.def)             Requested size: 50.68924pt x 32.11992pt.
 [75]
File: logoPnP_1.jpg Graphic file (type jpg)
 <use logoPnP_1.jpg>
Package pdftex.def Info: logoPnP_1.jpg used on input line 1497.
(pdftex.def)             Requested size: 50.68924pt x 32.11992pt.
 [76]
Overfull \hbox (4.18616pt too wide) in alignment at lines 1508--1508
 [] [] [] 
 []


Overfull \hbox (4.18616pt too wide) in alignment at lines 1508--1508
 [] [] [] 
 []


Overfull \hbox (4.18616pt too wide) in alignment at lines 1508--1509
 [] [] [] 
 []


Overfull \hbox (15.80592pt too wide) in alignment at lines 1516--1516
 [] [] 
 []


Overfull \hbox (15.80592pt too wide) in alignment at lines 1516--1516
 [] [] 
 []


Underfull \hbox (badness 3281) in paragraph at lines 1516--1516
[]|\T1/cmr/m/it/10 Applications shall be re-spon-si-ble for ini-tial-iz-ing the
 data pool items
 []


Overfull \hbox (15.80592pt too wide) in alignment at lines 1516--1517
 [] [] 
 []

File: logoPnP_1.jpg Graphic file (type jpg)
<use logoPnP_1.jpg>
Package pdftex.def Info: logoPnP_1.jpg used on input line 1517.
(pdftex.def)             Requested size: 50.68924pt x 32.11992pt.
 [77]
<../images/CrPsMonFncPr.png, id=1697, 712.6625pt x 978.65625pt>
File: ../images/CrPsMonFncPr.png Graphic file (type png)

<use ../images/CrPsMonFncPr.png>
Package pdftex.def Info: ../images/CrPsMonFncPr.png used on input line 1520.
(pdftex.def)             Requested size: 391.96559pt x 538.2626pt.
File: logoPnP_1.jpg Graphic file (type jpg)
 <use logoPnP_1.jpg>
Package pdftex.def Info: logoPnP_1.jpg used on input line 1521.
(pdftex.def)             Requested size: 50.68924pt x 32.11992pt.
 [78]
<../images/CrPsMonLimCheckPr.png, id=1707, 644.4075pt x 398.48875pt>
File: ../images/CrPsMonLimCheckPr.png Graphic file (type png)

<use ../images/CrPsMonLimCheckPr.png>
Package pdftex.def Info: ../images/CrPsMonLimCheckPr.png used on input line 152
2.
(pdftex.def)             Requested size: 322.20296pt x 199.24388pt.
File: logoPnP_1.jpg Graphic file (type jpg)
 <use logoPnP_1.jpg>
Package pdftex.def Info: logoPnP_1.jpg used on input line 1523.
(pdftex.def)             Requested size: 50.68924pt x 32.11992pt.
 [79 <../images/CrPsMonFncPr.png>] <../images/CrPsMonExpValPr.png, id=1715, 485
.815pt x 331.2375pt>
File: ../images/CrPsMonExpValPr.png Graphic file (type png)

<use ../images/CrPsMonExpValPr.png>
Package pdftex.def Info: ../images/CrPsMonExpValPr.png used on input line 1524.

(pdftex.def)             Requested size: 242.9069pt x 165.61833pt.

<../images/CrPsMonDeltaValPr.png, id=1716, 714.67pt x 524.96124pt>
File: ../images/CrPsMonDeltaValPr.png Graphic file (type png)

<use ../images/CrPsMonDeltaValPr.png>
Package pdftex.def Info: ../images/CrPsMonDeltaValPr.png used on input line 152
6.
(pdftex.def)             Requested size: 357.33412pt x 262.47998pt.
File: logoPnP_1.jpg Graphic file (type jpg)
 <use logoPnP_1.jpg>
Package pdftex.def Info: logoPnP_1.jpg used on input line 1527.
(pdftex.def)             Requested size: 50.68924pt x 32.11992pt.
 [80 <../images/CrPsMonLimCheckPr.png> <../images/CrPsMonExpValPr.png>]
<../images/CrPsCmd12PMonIdStart.png, id=1724, 670.505pt x 510.90875pt>
File: ../images/CrPsCmd12PMonIdStart.png Graphic file (type png)

<use ../images/CrPsCmd12PMonIdStart.png>
Package pdftex.def Info: ../images/CrPsCmd12PMonIdStart.png used on input line 
1528.
(pdftex.def)             Requested size: 335.25168pt x 255.45375pt.

<../images/CrPsProcCTL.png, id=1725, 714.67pt x 496.85625pt>
File: ../images/CrPsProcCTL.png Graphic file (type png)

<use ../images/CrPsProcCTL.png>
Package pdftex.def Info: ../images/CrPsProcCTL.png used on input line 1530.
(pdftex.def)             Requested size: 357.33412pt x 248.4275pt.
File: logoPnP_1.jpg Graphic file (type jpg)
 <use logoPnP_1.jpg>
Package pdftex.def Info: logoPnP_1.jpg used on input line 1531.
(pdftex.def)             Requested size: 50.68924pt x 32.11992pt.
 [81 <../images/CrPsMonDeltaValPr.png> <../images/CrPsCmd12PMonIdStart.png>]
<../images/CrPsFuncMonNotif.png, id=1733, 573.14125pt x 520.94624pt>
File: ../images/CrPsFuncMonNotif.png Graphic file (type png)

<use ../images/CrPsFuncMonNotif.png>
Package pdftex.def Info: ../images/CrPsFuncMonNotif.png used on input line 1532
.
(pdftex.def)             Requested size: 286.56992pt x 260.47249pt.
File: logoPnP_1.jpg Graphic file (type jpg)
 <use logoPnP_1.jpg>
Package pdftex.def Info: logoPnP_1.jpg used on input line 1537.
(pdftex.def)             Requested size: 50.68924pt x 32.11992pt.
 [82 <../images/CrPsProcCTL.png> <../images/CrPsFuncMonNotif.png>]
Overfull \hbox (15.8852pt too wide) in paragraph at lines 1550--1551
[]\T1/cmr/m/n/10 The num-ber of LPT Buffers in an ap-pli-ca-tion is stat-i-call
y de-fined and is equalt to LPT_N_BUF.
 []

File: logoPnP_1.jpg Graphic file (type jpg)
<use logoPnP_1.jpg>
Package pdftex.def Info: logoPnP_1.jpg used on input line 1562.
(pdftex.def)             Requested size: 50.68924pt x 32.11992pt.
 [83]
File: logoPnP_1.jpg Graphic file (type jpg)
 <use logoPnP_1.jpg>
Package pdftex.def Info: logoPnP_1.jpg used on input line 1586.
(pdftex.def)             Requested size: 50.68924pt x 32.11992pt.
 [84]
<../images/CrPsLpt.png, id=1753, 793.96625pt x 785.93625pt>
File: ../images/CrPsLpt.png Graphic file (type png)

<use ../images/CrPsLpt.png>
Package pdftex.def Info: ../images/CrPsLpt.png used on input line 1596.
(pdftex.def)             Requested size: 396.98215pt x 392.96716pt.
File: logoPnP_1.jpg Graphic file (type jpg)
 <use logoPnP_1.jpg>
Package pdftex.def Info: logoPnP_1.jpg used on input line 1606.
(pdftex.def)             Requested size: 50.68924pt x 32.11992pt.
 [85 <../images/CrPsLpt.png>]
File: logoPnP_1.jpg Graphic file (type jpg)

<use logoPnP_1.jpg>
Package pdftex.def Info: logoPnP_1.jpg used on input line 1633.
(pdftex.def)             Requested size: 50.68924pt x 32.11992pt.
 [86]
File: logoPnP_1.jpg Graphic file (type jpg)
 <use logoPnP_1.jpg>
Package pdftex.def Info: logoPnP_1.jpg used on input line 1662.
(pdftex.def)             Requested size: 50.68924pt x 32.11992pt.
 [87]
Underfull \hbox (badness 1975) in paragraph at lines 1673--1673
[]|\T1/cmr/m/n/10 Report is en-abled if the LPT State Ma-chine is in state
 []

File: logoPnP_1.jpg Graphic file (type jpg)
<use logoPnP_1.jpg>
Package pdftex.def Info: logoPnP_1.jpg used on input line 1676.
(pdftex.def)             Requested size: 50.68924pt x 32.11992pt.
 [88]
Underfull \hbox (badness 1975) in paragraph at lines 1677--1677
[]|\T1/cmr/m/n/10 Report is en-abled if the LPT State Ma-chine is in state
 []


Underfull \hbox (badness 1147) in paragraph at lines 1677--1677
[]|\T1/cmr/m/n/10 Report is re-peated as long as \T1/cmtt/m/n/10 lptRemSize \T1
/cmr/m/n/10 is greater than
 []


Underfull \hbox (badness 1975) in paragraph at lines 1680--1680
[]|\T1/cmr/m/n/10 Report is en-abled if the LPT State Ma-chine is in state
 []

File: logoPnP_1.jpg Graphic file (type jpg)
<use logoPnP_1.jpg>
Package pdftex.def Info: logoPnP_1.jpg used on input line 1683.
(pdftex.def)             Requested size: 50.68924pt x 32.11992pt.
 [89]
Underfull \hbox (badness 3108) in paragraph at lines 1684--1684
[]|\T1/cmr/m/n/10 Operation to Re-
 []


LaTeX Warning: Reference `fig:Cnd3s10Start' on page 90 undefined on input line 
1687.


Underfull \hbox (badness 3108) in paragraph at lines 1687--1687
[]|\T1/cmr/m/n/10 Operation to Re-
 []

File: logoPnP_1.jpg Graphic file (type jpg)
<use logoPnP_1.jpg>
Package pdftex.def Info: logoPnP_1.jpg used on input line 1690.
(pdftex.def)             Requested size: 50.68924pt x 32.11992pt.
 [90]

LaTeX Warning: Reference `fig:Cnd3s10Start' on page 91 undefined on input line 
1691.


Underfull \hbox (badness 3108) in paragraph at lines 1691--1691
[]|\T1/cmr/m/n/10 Operation to Re-
 []

File: logoPnP_1.jpg Graphic file (type jpg)
<use logoPnP_1.jpg>
Package pdftex.def Info: logoPnP_1.jpg used on input line 1697.
(pdftex.def)             Requested size: 50.68924pt x 32.11992pt.
 [91]
Underfull \hbox (badness 3108) in paragraph at lines 1698--1698
[]|\T1/cmr/m/n/10 Operation to Re-
 []


Underfull \hbox (badness 3108) in paragraph at lines 1701--1701
[]|\T1/cmr/m/n/10 Operation to Re-
 []

File: logoPnP_1.jpg Graphic file (type jpg)
<use logoPnP_1.jpg>
Package pdftex.def Info: logoPnP_1.jpg used on input line 1705.
(pdftex.def)             Requested size: 50.68924pt x 32.11992pt.
 [92]
File: logoPnP_1.jpg Graphic file (type jpg)
 <use logoPnP_1.jpg>
Package pdftex.def Info: logoPnP_1.jpg used on input line 1721.
(pdftex.def)             Requested size: 50.68924pt x 32.11992pt.
 [93]
Overfull \hbox (4.18616pt too wide) in alignment at lines 1725--1725
 [] [] [] 
 []


Overfull \hbox (4.18616pt too wide) in alignment at lines 1725--1725
 [] [] [] 
 []


Overfull \hbox (4.18616pt too wide) in alignment at lines 1725--1726
 [] [] [] 
 []

File: logoPnP_1.jpg Graphic file (type jpg)
<use logoPnP_1.jpg>
Package pdftex.def Info: logoPnP_1.jpg used on input line 1736.
(pdftex.def)             Requested size: 50.68924pt x 32.11992pt.
 [94]
Overfull \hbox (14.9728pt too wide) in alignment at lines 1741--1741
 [] [] 
 []


Overfull \hbox (14.9728pt too wide) in alignment at lines 1741--1741
 [] [] 
 []


Overfull \hbox (14.9728pt too wide) in alignment at lines 1741--1741
 [] [] 
 []


Overfull \hbox (14.9728pt too wide) in alignment at lines 1741--1742
 [] [] 
 []

File: logoPnP_1.jpg Graphic file (type jpg)
<use logoPnP_1.jpg>
Package pdftex.def Info: logoPnP_1.jpg used on input line 1742.
(pdftex.def)             Requested size: 50.68924pt x 32.11992pt.
 [95]
<../images/CrPsCmd13s10Start.png, id=1978, 581.17125pt x 465.74pt>
File: ../images/CrPsCmd13s10Start.png Graphic file (type png)

<use ../images/CrPsCmd13s10Start.png>
Package pdftex.def Info: ../images/CrPsCmd13s10Start.png used on input line 174
6.
(pdftex.def)             Requested size: 319.64517pt x 256.15779pt.
File: logoPnP_1.jpg Graphic file (type jpg)
 <use logoPnP_1.jpg>
Package pdftex.def Info: logoPnP_1.jpg used on input line 1755.
(pdftex.def)             Requested size: 50.68924pt x 32.11992pt.
 [96 <../images/CrPsCmd13s10Start.png>]
File: logoPnP_1.jpg Graphic file (type jpg)
 <use logoPnP_1.jpg>
Package pdftex.def Info: logoPnP_1.jpg used on input line 1783.
(pdftex.def)             Requested size: 50.68924pt x 32.11992pt.
 [97]
Overfull \hbox (3.50043pt too wide) in paragraph at lines 1785--1786
[]\T1/cmr/m/n/10 The mech-a-nism through which the AreY-ouAliv-eRep re-port no-
ti-fies the On-Board-Con-nectCmd
 []

File: logoPnP_1.jpg Graphic file (type jpg)
<use logoPnP_1.jpg>
Package pdftex.def Info: logoPnP_1.jpg used on input line 1807.
(pdftex.def)             Requested size: 50.68924pt x 32.11992pt.
 [98]
Underfull \hbox (badness 3108) in paragraph at lines 1808--1808
[]|\T1/cmr/m/n/10 Operation to Re-
 []

File: logoPnP_1.jpg Graphic file (type jpg)
<use logoPnP_1.jpg>
Package pdftex.def Info: logoPnP_1.jpg used on input line 1814.
(pdftex.def)             Requested size: 50.68924pt x 32.11992pt.
 [99]
Underfull \hbox (badness 3108) in paragraph at lines 1815--1815
[]|\T1/cmr/m/n/10 Operation to Re-
 []

File: logoPnP_1.jpg Graphic file (type jpg)
<use logoPnP_1.jpg>
Package pdftex.def Info: logoPnP_1.jpg used on input line 1831.
(pdftex.def)             Requested size: 50.68924pt x 32.11992pt.
 [100]
Overfull \hbox (8.23926pt too wide) in alignment at lines 1835--1835
 [] [] 
 []


Overfull \hbox (8.23926pt too wide) in alignment at lines 1835--1835
 [] [] 
 []


Overfull \hbox (8.23926pt too wide) in alignment at lines 1835--1836
 [] [] 
 []


Overfull \hbox (13.02882pt too wide) in alignment at lines 1843--1843
 [] [] 
 []


Overfull \hbox (13.02882pt too wide) in alignment at lines 1843--1843
 [] [] 
 []


Overfull \hbox (13.02882pt too wide) in alignment at lines 1843--1844
 [] [] 
 []

File: logoPnP_1.jpg Graphic file (type jpg)
<use logoPnP_1.jpg>
Package pdftex.def Info: logoPnP_1.jpg used on input line 1846.
(pdftex.def)             Requested size: 50.68924pt x 32.11992pt.
 [101]
<../images/CrPsCmd17s3Start.png, id=2094, 798.985pt x 732.7375pt>
File: ../images/CrPsCmd17s3Start.png Graphic file (type png)

<use ../images/CrPsCmd17s3Start.png>
Package pdftex.def Info: ../images/CrPsCmd17s3Start.png used on input line 1849
.
(pdftex.def)             Requested size: 331.57259pt x 304.0804pt.

<../images/CrPsCmd17s3Prgr.png, id=2095, 764.8575pt x 428.60126pt>
File: ../images/CrPsCmd17s3Prgr.png Graphic file (type png)

<use ../images/CrPsCmd17s3Prgr.png>
Package pdftex.def Info: ../images/CrPsCmd17s3Prgr.png used on input line 1856.

(pdftex.def)             Requested size: 317.40994pt x 177.8662pt.
File: logoPnP_1.jpg Graphic file (type jpg)
 <use logoPnP_1.jpg>
Package pdftex.def Info: logoPnP_1.jpg used on input line 1863.
(pdftex.def)             Requested size: 50.68924pt x 32.11992pt.
 [102 <../images/CrPsCmd17s3Start.png> <../images/CrPsCmd17s3Prgr.png>]
File: logoPnP_1.jpg Graphic file (type jpg)
 <use logoPnP_1.jpg>
Package pdftex.def Info: logoPnP_1.jpg used on input line 1868.
(pdftex.def)             Requested size: 50.68924pt x 32.11992pt.
 [103]
File: logoPnP_1.jpg Graphic file (type jpg)

<use logoPnP_1.jpg>
Package pdftex.def Info: logoPnP_1.jpg used on input line 1881.
(pdftex.def)             Requested size: 50.68924pt x 32.11992pt.
 [104]
File: logoPnP_1.jpg Graphic file (type jpg)
 <use logoPnP_1.jpg>
Package pdftex.def Info: logoPnP_1.jpg used on input line 1898.
(pdftex.def)             Requested size: 50.68924pt x 32.11992pt.
 [105

]
File: logoPnP_1.jpg Graphic file (type jpg)
 <use logoPnP_1.jpg>
Package pdftex.def Info: logoPnP_1.jpg used on input line 1912.
(pdftex.def)             Requested size: 50.68924pt x 32.11992pt.

[106

]
File: logoPnP_1.jpg Graphic file (type jpg)
 <use logoPnP_1.jpg>
Package pdftex.def Info: logoPnP_1.jpg used on input line 1929.
(pdftex.def)             Requested size: 50.68924pt x 32.11992pt.
 [107

]
Overfull \hbox (13.10567pt too wide) in alignment at lines 1935--1941
 [] [] [] 
 []


Overfull \hbox (13.10567pt too wide) in alignment at lines 1941--1945
 [] [] [] 
 []


Underfull \hbox (badness 1371) in paragraph at lines 1947--1947
\T1/cmr/m/n/10 the Load op-er-a-tion in the Out-
 []


Underfull \hbox (badness 1997) in paragraph at lines 1947--1947
[]|\T1/cmr/m/n/10 Failure code for start ac-tion of
 []


Underfull \hbox (badness 4254) in paragraph at lines 1947--1947
\T1/cmr/m/n/10 multi-instruction ser-vice 3 com-
 []


Underfull \hbox (badness 2293) in paragraph at lines 1947--1947
[]|\T1/cmr/m/n/10 Failure code for progress ac-tion
 []


Underfull \hbox (badness 1997) in paragraph at lines 1947--1947
[]|\T1/cmr/m/n/10 Failure code for start ac-tion of
 []


Underfull \hbox (badness 4254) in paragraph at lines 1947--1947
\T1/cmr/m/n/10 multi-instruction ser-vice 5 com-
 []


Underfull \hbox (badness 1997) in paragraph at lines 1947--1947
[]|\T1/cmr/m/n/10 Failure code for start ac-tion of
 []


Underfull \hbox (badness 1546) in paragraph at lines 1947--1947
\T1/cmr/m/n/10 multi-instruction ser-vice 12 com-
 []


Overfull \hbox (13.10567pt too wide) in alignment at lines 1945--1948
 [] [] [] 
 []

File: logoPnP_1.jpg Graphic file (type jpg)
<use logoPnP_1.jpg>
Package pdftex.def Info: logoPnP_1.jpg used on input line 1948.
(pdftex.def)             Requested size: 50.68924pt x 32.11992pt.
 [108

]
File: logoPnP_1.jpg Graphic file (type jpg)
 <use logoPnP_1.jpg>
Package pdftex.def Info: logoPnP_1.jpg used on input line 1954.
(pdftex.def)             Requested size: 50.68924pt x 32.11992pt.
 [109]
File: logoPnP_1.jpg Graphic file (type jpg)
 <use logoPnP_1.jpg>
Package pdftex.def Info: logoPnP_1.jpg used on input line 1977.
(pdftex.def)             Requested size: 50.68924pt x 32.11992pt.

[110]
Overfull \hbox (289.07565pt too wide) in alignment at lines 1979--1979
 [] [] [] [] [] 
 []


Overfull \hbox (289.07565pt too wide) in alignment at lines 1979--1979
 [] [] [] [] [] 
 []


Overfull \hbox (289.07565pt too wide) in alignment at lines 1979--1979
 [] [] [] [] [] 
 []


Overfull \hbox (289.07565pt too wide) in alignment at lines 1979--1979
 [] [] [] [] [] 
 []

File: logoPnP_1.jpg Graphic file (type jpg)
<use logoPnP_1.jpg>
Package pdftex.def Info: logoPnP_1.jpg used on input line 1979.
(pdftex.def)             Requested size: 50.68924pt x 32.11992pt.
 [111

]
File: logoPnP_1.jpg Graphic file (type jpg)
 <use logoPnP_1.jpg>
Package pdftex.def Info: logoPnP_1.jpg used on input line 1979.
(pdftex.def)             Requested size: 50.68924pt x 32.11992pt.
 [112]
Overfull \hbox (289.07565pt too wide) in alignment at lines 1979--1979
 [] [] [] [] [] 
 []

File: logoPnP_1.jpg Graphic file (type jpg)
<use logoPnP_1.jpg>
Package pdftex.def Info: logoPnP_1.jpg used on input line 1979.
(pdftex.def)             Requested size: 50.68924pt x 32.11992pt.
 [113]
File: logoPnP_1.jpg Graphic file (type jpg)
 <use logoPnP_1.jpg>
Package pdftex.def Info: logoPnP_1.jpg used on input line 1979.
(pdftex.def)             Requested size: 50.68924pt x 32.11992pt.
 [114]
File: logoPnP_1.jpg Graphic file (type jpg)
 <use logoPnP_1.jpg>
Package pdftex.def Info: logoPnP_1.jpg used on input line 1979.
(pdftex.def)             Requested size: 50.68924pt x 32.11992pt.

[115]
Overfull \hbox (289.07565pt too wide) in alignment at lines 1979--1979
 [] [] [] [] [] 
 []

File: logoPnP_1.jpg Graphic file (type jpg)
<use logoPnP_1.jpg>
Package pdftex.def Info: logoPnP_1.jpg used on input line 1979.
(pdftex.def)             Requested size: 50.68924pt x 32.11992pt.
 [116]
File: logoPnP_1.jpg Graphic file (type jpg)
 <use logoPnP_1.jpg>
Package pdftex.def Info: logoPnP_1.jpg used on input line 1979.
(pdftex.def)             Requested size: 50.68924pt x 32.11992pt.
 [117]
File: logoPnP_1.jpg Graphic file (type jpg)
 <use logoPnP_1.jpg>
Package pdftex.def Info: logoPnP_1.jpg used on input line 1979.
(pdftex.def)             Requested size: 50.68924pt x 32.11992pt.

[118]
File: logoPnP_1.jpg Graphic file (type jpg)
 <use logoPnP_1.jpg>
Package pdftex.def Info: logoPnP_1.jpg used on input line 1979.
(pdftex.def)             Requested size: 50.68924pt x 32.11992pt.
 [119]
Overfull \hbox (289.07565pt too wide) in alignment at lines 1979--1979
 [] [] [] [] [] 
 []

File: logoPnP_1.jpg Graphic file (type jpg)
<use logoPnP_1.jpg>
Package pdftex.def Info: logoPnP_1.jpg used on input line 1979.
(pdftex.def)             Requested size: 50.68924pt x 32.11992pt.
 [120]
File: logoPnP_1.jpg Graphic file (type jpg)
 <use logoPnP_1.jpg>
Package pdftex.def Info: logoPnP_1.jpg used on input line 1979.
(pdftex.def)             Requested size: 50.68924pt x 32.11992pt.
 [121]
Overfull \hbox (289.07565pt too wide) in alignment at lines 1979--1979
 [] [] [] [] [] 
 []

File: logoPnP_1.jpg Graphic file (type jpg)
<use logoPnP_1.jpg>
Package pdftex.def Info: logoPnP_1.jpg used on input line 1979.
(pdftex.def)             Requested size: 50.68924pt x 32.11992pt.
 [122]
File: logoPnP_1.jpg Graphic file (type jpg)
 <use logoPnP_1.jpg>
Package pdftex.def Info: logoPnP_1.jpg used on input line 1979.
(pdftex.def)             Requested size: 50.68924pt x 32.11992pt.
 [123]
File: logoPnP_1.jpg Graphic file (type jpg)
 <use logoPnP_1.jpg>
Package pdftex.def Info: logoPnP_1.jpg used on input line 1979.
(pdftex.def)             Requested size: 50.68924pt x 32.11992pt.

[124]
File: logoPnP_1.jpg Graphic file (type jpg)
 <use logoPnP_1.jpg>
Package pdftex.def Info: logoPnP_1.jpg used on input line 1979.
(pdftex.def)             Requested size: 50.68924pt x 32.11992pt.
 [125]
Overfull \hbox (289.07565pt too wide) in alignment at lines 1979--1979
 [] [] [] [] [] 
 []

File: logoPnP_1.jpg Graphic file (type jpg)
<use logoPnP_1.jpg>
Package pdftex.def Info: logoPnP_1.jpg used on input line 1979.
(pdftex.def)             Requested size: 50.68924pt x 32.11992pt.
 [126]
File: logoPnP_1.jpg Graphic file (type jpg)
 <use logoPnP_1.jpg>
Package pdftex.def Info: logoPnP_1.jpg used on input line 1979.
(pdftex.def)             Requested size: 50.68924pt x 32.11992pt.
 [127]
File: logoPnP_1.jpg Graphic file (type jpg)
 <use logoPnP_1.jpg>
Package pdftex.def Info: logoPnP_1.jpg used on input line 1979.
(pdftex.def)             Requested size: 50.68924pt x 32.11992pt.

[128]
Overfull \hbox (289.07565pt too wide) in alignment at lines 1979--1979
 [] [] [] [] [] 
 []

File: logoPnP_1.jpg Graphic file (type jpg)
<use logoPnP_1.jpg>
Package pdftex.def Info: logoPnP_1.jpg used on input line 1979.
(pdftex.def)             Requested size: 50.68924pt x 32.11992pt.
 [129]
File: logoPnP_1.jpg Graphic file (type jpg)
 <use logoPnP_1.jpg>
Package pdftex.def Info: logoPnP_1.jpg used on input line 1979.
(pdftex.def)             Requested size: 50.68924pt x 32.11992pt.
 [130]
File: logoPnP_1.jpg Graphic file (type jpg)
 <use logoPnP_1.jpg>
Package pdftex.def Info: logoPnP_1.jpg used on input line 1979.
(pdftex.def)             Requested size: 50.68924pt x 32.11992pt.

[131]
Overfull \hbox (289.07565pt too wide) in alignment at lines 1979--1979
 [] [] [] [] [] 
 []

File: logoPnP_1.jpg Graphic file (type jpg)
<use logoPnP_1.jpg>
Package pdftex.def Info: logoPnP_1.jpg used on input line 1979.
(pdftex.def)             Requested size: 50.68924pt x 32.11992pt.
 [132]
File: logoPnP_1.jpg Graphic file (type jpg)
 <use logoPnP_1.jpg>
Package pdftex.def Info: logoPnP_1.jpg used on input line 1979.
(pdftex.def)             Requested size: 50.68924pt x 32.11992pt.
 [133]
File: logoPnP_1.jpg Graphic file (type jpg)
 <use logoPnP_1.jpg>
Package pdftex.def Info: logoPnP_1.jpg used on input line 1979.
(pdftex.def)             Requested size: 50.68924pt x 32.11992pt.

[134]
Overfull \hbox (289.07565pt too wide) in alignment at lines 1979--1979
 [] [] [] [] [] 
 []

File: logoPnP_1.jpg Graphic file (type jpg)
<use logoPnP_1.jpg>
Package pdftex.def Info: logoPnP_1.jpg used on input line 1979.
(pdftex.def)             Requested size: 50.68924pt x 32.11992pt.
 [135]
File: logoPnP_1.jpg Graphic file (type jpg)
 <use logoPnP_1.jpg>
Package pdftex.def Info: logoPnP_1.jpg used on input line 1979.
(pdftex.def)             Requested size: 50.68924pt x 32.11992pt.
 [136]
File: logoPnP_1.jpg Graphic file (type jpg)
 <use logoPnP_1.jpg>
Package pdftex.def Info: logoPnP_1.jpg used on input line 1979.
(pdftex.def)             Requested size: 50.68924pt x 32.11992pt.

[137]
File: logoPnP_1.jpg Graphic file (type jpg)
 <use logoPnP_1.jpg>
Package pdftex.def Info: logoPnP_1.jpg used on input line 1979.
(pdftex.def)             Requested size: 50.68924pt x 32.11992pt.
 [138]
File: logoPnP_1.jpg Graphic file (type jpg)
 <use logoPnP_1.jpg>
Package pdftex.def Info: logoPnP_1.jpg used on input line 1979.
(pdftex.def)             Requested size: 50.68924pt x 32.11992pt.
 [139]
Overfull \hbox (289.07565pt too wide) in alignment at lines 1979--1979
 [] [] [] [] [] 
 []

File: logoPnP_1.jpg Graphic file (type jpg)
<use logoPnP_1.jpg>
Package pdftex.def Info: logoPnP_1.jpg used on input line 1979.
(pdftex.def)             Requested size: 50.68924pt x 32.11992pt.
 [140]
File: logoPnP_1.jpg Graphic file (type jpg)
 <use logoPnP_1.jpg>
Package pdftex.def Info: logoPnP_1.jpg used on input line 1979.
(pdftex.def)             Requested size: 50.68924pt x 32.11992pt.
 [141]
File: logoPnP_1.jpg Graphic file (type jpg)
 <use logoPnP_1.jpg>
Package pdftex.def Info: logoPnP_1.jpg used on input line 1979.
(pdftex.def)             Requested size: 50.68924pt x 32.11992pt.

[142]
Overfull \hbox (289.07565pt too wide) in alignment at lines 1979--1979
 [] [] [] [] [] 
 []

File: logoPnP_1.jpg Graphic file (type jpg)
<use logoPnP_1.jpg>
Package pdftex.def Info: logoPnP_1.jpg used on input line 1979.
(pdftex.def)             Requested size: 50.68924pt x 32.11992pt.
 [143]
File: logoPnP_1.jpg Graphic file (type jpg)
 <use logoPnP_1.jpg>
Package pdftex.def Info: logoPnP_1.jpg used on input line 1979.
(pdftex.def)             Requested size: 50.68924pt x 32.11992pt.
 [144]
File: logoPnP_1.jpg Graphic file (type jpg)
 <use logoPnP_1.jpg>
Package pdftex.def Info: logoPnP_1.jpg used on input line 1979.
(pdftex.def)             Requested size: 50.68924pt x 32.11992pt.

[145]
File: logoPnP_1.jpg Graphic file (type jpg)
 <use logoPnP_1.jpg>
Package pdftex.def Info: logoPnP_1.jpg used on input line 1979.
(pdftex.def)             Requested size: 50.68924pt x 32.11992pt.
 [146]
Overfull \hbox (289.07565pt too wide) in alignment at lines 1979--1979
 [] [] [] [] [] 
 []

File: logoPnP_1.jpg Graphic file (type jpg)
<use logoPnP_1.jpg>
Package pdftex.def Info: logoPnP_1.jpg used on input line 1979.
(pdftex.def)             Requested size: 50.68924pt x 32.11992pt.
 [147]
File: logoPnP_1.jpg Graphic file (type jpg)
 <use logoPnP_1.jpg>
Package pdftex.def Info: logoPnP_1.jpg used on input line 1979.
(pdftex.def)             Requested size: 50.68924pt x 32.11992pt.
 [148]
File: logoPnP_1.jpg Graphic file (type jpg)
 <use logoPnP_1.jpg>
Package pdftex.def Info: logoPnP_1.jpg used on input line 1979.
(pdftex.def)             Requested size: 50.68924pt x 32.11992pt.

[149]
File: logoPnP_1.jpg Graphic file (type jpg)
 <use logoPnP_1.jpg>
Package pdftex.def Info: logoPnP_1.jpg used on input line 1979.
(pdftex.def)             Requested size: 50.68924pt x 32.11992pt.
 [150]
Overfull \hbox (289.07565pt too wide) in alignment at lines 1979--1979
 [] [] [] [] [] 
 []

File: logoPnP_1.jpg Graphic file (type jpg)
<use logoPnP_1.jpg>
Package pdftex.def Info: logoPnP_1.jpg used on input line 1979.
(pdftex.def)             Requested size: 50.68924pt x 32.11992pt.
 [151]
File: logoPnP_1.jpg Graphic file (type jpg)
 <use logoPnP_1.jpg>
Package pdftex.def Info: logoPnP_1.jpg used on input line 1979.
(pdftex.def)             Requested size: 50.68924pt x 32.11992pt.
 [152]
Overfull \hbox (289.07565pt too wide) in alignment at lines 1979--1979
 [] [] [] [] [] 
 []

File: logoPnP_1.jpg Graphic file (type jpg)
<use logoPnP_1.jpg>
Package pdftex.def Info: logoPnP_1.jpg used on input line 1979.
(pdftex.def)             Requested size: 50.68924pt x 32.11992pt.
 [153]
File: logoPnP_1.jpg Graphic file (type jpg)
 <use logoPnP_1.jpg>
Package pdftex.def Info: logoPnP_1.jpg used on input line 1979.
(pdftex.def)             Requested size: 50.68924pt x 32.11992pt.
 [154]
Overfull \hbox (289.07565pt too wide) in alignment at lines 1979--1979
 [] [] [] [] [] 
 []

File: logoPnP_1.jpg Graphic file (type jpg)
<use logoPnP_1.jpg>
Package pdftex.def Info: logoPnP_1.jpg used on input line 1979.
(pdftex.def)             Requested size: 50.68924pt x 32.11992pt.
 [155]
File: logoPnP_1.jpg Graphic file (type jpg)
 <use logoPnP_1.jpg>
Package pdftex.def Info: logoPnP_1.jpg used on input line 1979.
(pdftex.def)             Requested size: 50.68924pt x 32.11992pt.
 [156]
File: logoPnP_1.jpg Graphic file (type jpg)
 <use logoPnP_1.jpg>
Package pdftex.def Info: logoPnP_1.jpg used on input line 1998.
(pdftex.def)             Requested size: 50.68924pt x 32.11992pt.

[157]
Package atveryend Info: Empty hook `BeforeClearDocument' on input line 2003.
Package atveryend Info: Empty hook `AfterLastShipout' on input line 2003.
 (./PusExtension.aux)
Package atveryend Info: Executing hook `AtVeryEndDocument' on input line 2003.
Package atveryend Info: Executing hook `AtEndAfterFileList' on input line 2003.

Package rerunfilecheck Info: File `PusExtension.out' has not changed.
(rerunfilecheck)             Checksum: 1071BC7674B9F654CEDE5A99CB1A27B6;5745.


LaTeX Warning: There were undefined references.

 ) 
Here is how much of TeX's memory you used:
 16433 strings out of 494910
 245496 string characters out of 6179836
 563071 words of memory out of 5000000
 18341 multiletter control sequences out of 15000+600000
 17402 words of font info for 40 fonts, out of 8000000 for 9000
 36 hyphenation exceptions out of 8191
 60i,17n,98p,3198b,1465s stack positions out of 5000i,500n,10000p,200000b,80000s
 </home/ap/.texmf-var/fonts/pk/ljfour/jknappen/ec/ecit1000.600pk> </home/ap/.
texmf-var/fonts/pk/ljfour/jknappen/ec/ecti0800.600pk> </home/ap/.texmf-var/font
s/pk/ljfour/jknappen/ec/ecrm0800.600pk> </home/ap/.texmf-var/fonts/pk/ljfour/jk
nappen/ec/ecrm0600.600pk> </home/ap/.texmf-var/fonts/pk/ljfour/jknappen/ec/ecrm
0700.600pk> </home/ap/.texmf-var/fonts/pk/ljfour/jknappen/ec/ecbx1200.600pk> </
home/ap/.texmf-var/fonts/pk/ljfour/jknappen/ec/ecti1000.600pk> </home/ap/.texmf
-var/fonts/pk/ljfour/jknappen/ec/ecbx1440.600pk> </home/ap/.texmf-var/fonts/pk/
ljfour/jknappen/ec/ecbx1000.600pk> </home/ap/.texmf-var/fonts/pk/ljfour/jknappe
n/ec/ecrm1728.600pk> </home/ap/.texmf-var/fonts/pk/ljfour/jknappen/ec/eccc1728.
600pk> </home/ap/.texmf-var/fonts/pk/ljfour/jknappen/ec/ecrm1000.600pk> </home/
ap/.texmf-var/fonts/pk/ljfour/jknappen/ec/ectt1000.600pk></usr/share/texlive/te
xmf-dist/fonts/type1/public/amsfonts/cm/cmmi10.pfb></usr/share/texlive/texmf-di
st/fonts/type1/public/amsfonts/cm/cmsy10.pfb>
Output written on PusExtension.pdf (157 pages, 1888873 bytes).
PDF statistics:
 3215 PDF objects out of 3580 (max. 8388607)
 2461 compressed objects within 25 object streams
 1064 named destinations out of 1200 (max. 500000)
 773 words of extra memory for PDF output out of 10000 (max. 10000000)

